<!DOCTYPE html>
<!--
 | Generated by Apache Maven Doxia Site Renderer 1.11.1 at 2024-07-15

 | Rendered using Apache Maven Default Skin
-->
<html xmlns="http://www.w3.org/1999/xhtml" xml:lang="en" lang="en">
  <head>
    <meta charset="UTF-8" />
    <meta name="viewport" content="width=device-width, initial-scale=1.0" />
    <meta name="generator" content="Apache Maven Doxia Site Renderer 1.11.1" />
    <title>mockito &#x2013; Surefire Report</title>
    <link rel="stylesheet" href="./css/maven-base.css" />
    <link rel="stylesheet" href="./css/maven-theme.css" />
    <link rel="stylesheet" href="./css/site.css" />
    <link rel="stylesheet" href="./css/print.css" media="print" />
  </head>
  <body class="composite">
    <div id="banner">
      <div class="clear">
        <hr/>
      </div>
    </div>
    <div id="breadcrumbs">
      <div class="xleft">
        <span id="publishDate">Last Published: 2024-07-15</span>
           | <span id="projectVersion">Version: 1.0-SNAPSHOT</span>
      </div>
      <div class="xright">      </div>
      <div class="clear">
        <hr/>
      </div>
    </div>
    <div id="leftColumn">
      <div id="navcolumn">
      <a href="http://maven.apache.org/" title="Built by Maven" class="poweredBy">
        <img class="poweredBy" alt="Built by Maven" src="./images/logos/maven-feather.png" />
      </a>
      </div>
    </div>
    <div id="bodyColumn">
      <div id="contentBox">
<script type="text/javascript">
function toggleDisplay(elementId) {
 var elm = document.getElementById(elementId + '-error');
 if (elm == null) {
  elm = document.getElementById(elementId + '-failure');
 }
 if (elm && typeof elm.style != "undefined") {
  if (elm.style.display == "none") {
   elm.style.display = "";
   document.getElementById(elementId + '-off').style.display = "none";
   document.getElementById(elementId + '-on').style.display = "inline";
  } else if (elm.style.display == "") {   elm.style.display = "none";
   document.getElementById(elementId + '-off').style.display = "inline";
   document.getElementById(elementId + '-on').style.display = "none";
  }
 }
 }</script><section>
<h2><a name="Surefire_Report"></a>Surefire Report</h2></section><section><a id="Summary"></a>
<h2><a name="Summary"></a>Summary</h2>
<p>[<a href="#Summary">Summary</a>] [<a href="#Package_List">Package List</a>] [<a href="#Test_Cases">Test Cases</a>]</p><br />
<table border="0" class="bodyTable">
<tr class="a">
<th>Tests</th>
<th>Errors</th>
<th>Failures</th>
<th>Skipped</th>
<th>Success Rate</th>
<th>Time</th></tr>
<tr class="b">
<td align="left">72</td>
<td>2</td>
<td>3</td>
<td>0</td>
<td>93.1%</td>
<td>1.028 s</td></tr></table><br />
<p>Note: failures are anticipated and checked for with assertions while errors are unanticipated.</p><br /></section><section><a id="Package_List"></a>
<h2><a name="Package_List"></a>Package List</h2>
<p>[<a href="#Summary">Summary</a>] [<a href="#Package_List">Package List</a>] [<a href="#Test_Cases">Test Cases</a>]</p><br />
<table border="0" class="bodyTable">
<tr class="a">
<th>Package</th>
<th>Tests</th>
<th>Errors</th>
<th>Failures</th>
<th>Skipped</th>
<th>Success Rate</th>
<th>Time</th></tr>
<tr class="b">
<td align="left"><a href="#com.hubberspot.mockito.spies">com.hubberspot.mockito.spies</a></td>
<td>1</td>
<td>0</td>
<td>0</td>
<td>0</td>
<td>100%</td>
<td>0.023 s</td></tr>
<tr class="a">
<td align="left"><a href="#com.hubberspot.mockito.argument_matchers">com.hubberspot.mockito.argument_matchers</a></td>
<td>5</td>
<td>1</td>
<td>0</td>
<td>0</td>
<td>80.0%</td>
<td>0.045 s</td></tr>
<tr class="b">
<td align="left"><a href="#com.hubberspot.mockito.test_doubles.fake">com.hubberspot.mockito.test_doubles.fake</a></td>
<td>2</td>
<td>0</td>
<td>0</td>
<td>0</td>
<td>100%</td>
<td>0.018 s</td></tr>
<tr class="a">
<td align="left"><a href="#com.hubberspot.mockito.test_doubles.spy">com.hubberspot.mockito.test_doubles.spy</a></td>
<td>2</td>
<td>0</td>
<td>0</td>
<td>0</td>
<td>100%</td>
<td>0.029 s</td></tr>
<tr class="b">
<td align="left"><a href="#com.hubberspot.mockito.argument_captor">com.hubberspot.mockito.argument_captor</a></td>
<td>1</td>
<td>0</td>
<td>0</td>
<td>0</td>
<td>100%</td>
<td>0.017 s</td></tr>
<tr class="a">
<td align="left"><a href="#com.hubberspot.mockito.test_doubles.mock">com.hubberspot.mockito.test_doubles.mock</a></td>
<td>2</td>
<td>0</td>
<td>0</td>
<td>0</td>
<td>100%</td>
<td>0.018 s</td></tr>
<tr class="b">
<td align="left"><a href="#com.hubberspot.mockito.annotations.support">com.hubberspot.mockito.annotations.support</a></td>
<td>34</td>
<td>0</td>
<td>3</td>
<td>0</td>
<td>91.2%</td>
<td>0.143 s</td></tr>
<tr class="a">
<td align="left"><a href="#com.hubberspot.mockito.bdd.stubbing">com.hubberspot.mockito.bdd.stubbing</a></td>
<td>2</td>
<td>0</td>
<td>0</td>
<td>0</td>
<td>100%</td>
<td>0.028 s</td></tr>
<tr class="b">
<td align="left"><a href="#com.hubberspot.mockito.test_doubles.stub">com.hubberspot.mockito.test_doubles.stub</a></td>
<td>2</td>
<td>0</td>
<td>0</td>
<td>0</td>
<td>100%</td>
<td>0.018 s</td></tr>
<tr class="a">
<td align="left"><a href="#com.hubberspot.mockito.test_doubles.dummy">com.hubberspot.mockito.test_doubles.dummy</a></td>
<td>2</td>
<td>0</td>
<td>0</td>
<td>0</td>
<td>100%</td>
<td>0.039 s</td></tr>
<tr class="b">
<td align="left"><a href="#com.hubberspot.mockito.behavior.verfication">com.hubberspot.mockito.behavior.verfication</a></td>
<td>8</td>
<td>1</td>
<td>0</td>
<td>0</td>
<td>87.5%</td>
<td>0.583 s</td></tr>
<tr class="a">
<td align="left"><a href="#com.hubberspot.mockito.bdd.behavior_verification">com.hubberspot.mockito.bdd.behavior_verification</a></td>
<td>2</td>
<td>0</td>
<td>0</td>
<td>0</td>
<td>100%</td>
<td>0.017 s</td></tr>
<tr class="b">
<td align="left"><a href="#com.hubberspot.mockito.stubbing">com.hubberspot.mockito.stubbing</a></td>
<td>4</td>
<td>0</td>
<td>0</td>
<td>0</td>
<td>100%</td>
<td>0.020 s</td></tr>
<tr class="a">
<td align="left"><a href="#com.hubberspot.mockito.exception_handling">com.hubberspot.mockito.exception_handling</a></td>
<td>5</td>
<td>0</td>
<td>0</td>
<td>0</td>
<td>100%</td>
<td>0.030 s</td></tr></table><br />
<p>Note: package statistics are not computed recursively, they only sum up all of its testsuites numbers.</p><section><a id="com.hubberspot.mockito.spies"></a>
<h3><a name="com.hubberspot.mockito.spies"></a>com.hubberspot.mockito.spies</h3>
<table border="0" class="bodyTable">
<tr class="a">
<th>-</th>
<th>Class</th>
<th>Tests</th>
<th>Errors</th>
<th>Failures</th>
<th>Skipped</th>
<th>Success Rate</th>
<th>Time</th></tr>
<tr class="b">
<td align="left"><a href="#com.hubberspot.mockito.spies.BookManagerTest"><img src="images/icon_success_sml.gif" alt="" /></a></td>
<td><a href="#com.hubberspot.mockito.spies.BookManagerTest">BookManagerTest</a></td>
<td>1</td>
<td>0</td>
<td>0</td>
<td>0</td>
<td>100%</td>
<td>0.023 s</td></tr></table></section><section><a id="com.hubberspot.mockito.argument_matchers"></a>
<h3><a name="com.hubberspot.mockito.argument_matchers"></a>com.hubberspot.mockito.argument_matchers</h3>
<table border="0" class="bodyTable">
<tr class="a">
<th>-</th>
<th>Class</th>
<th>Tests</th>
<th>Errors</th>
<th>Failures</th>
<th>Skipped</th>
<th>Success Rate</th>
<th>Time</th></tr>
<tr class="b">
<td align="left"><a href="#com.hubberspot.mockito.argument_matchers.BookServiceTest"><img src="images/icon_error_sml.gif" alt="" /></a></td>
<td><a href="#com.hubberspot.mockito.argument_matchers.BookServiceTest">BookServiceTest</a></td>
<td>5</td>
<td>1</td>
<td>0</td>
<td>0</td>
<td>80.0%</td>
<td>0.045 s</td></tr></table></section><section><a id="com.hubberspot.mockito.test_doubles.fake"></a>
<h3><a name="com.hubberspot.mockito.test_doubles.fake"></a>com.hubberspot.mockito.test_doubles.fake</h3>
<table border="0" class="bodyTable">
<tr class="a">
<th>-</th>
<th>Class</th>
<th>Tests</th>
<th>Errors</th>
<th>Failures</th>
<th>Skipped</th>
<th>Success Rate</th>
<th>Time</th></tr>
<tr class="b">
<td align="left"><a href="#com.hubberspot.mockito.test_doubles.fake.FakeTest"><img src="images/icon_success_sml.gif" alt="" /></a></td>
<td><a href="#com.hubberspot.mockito.test_doubles.fake.FakeTest">FakeTest</a></td>
<td>2</td>
<td>0</td>
<td>0</td>
<td>0</td>
<td>100%</td>
<td>0.018 s</td></tr></table></section><section><a id="com.hubberspot.mockito.test_doubles.spy"></a>
<h3><a name="com.hubberspot.mockito.test_doubles.spy"></a>com.hubberspot.mockito.test_doubles.spy</h3>
<table border="0" class="bodyTable">
<tr class="a">
<th>-</th>
<th>Class</th>
<th>Tests</th>
<th>Errors</th>
<th>Failures</th>
<th>Skipped</th>
<th>Success Rate</th>
<th>Time</th></tr>
<tr class="b">
<td align="left"><a href="#com.hubberspot.mockito.test_doubles.spy.SpyTest"><img src="images/icon_success_sml.gif" alt="" /></a></td>
<td><a href="#com.hubberspot.mockito.test_doubles.spy.SpyTest">SpyTest</a></td>
<td>2</td>
<td>0</td>
<td>0</td>
<td>0</td>
<td>100%</td>
<td>0.029 s</td></tr></table></section><section><a id="com.hubberspot.mockito.argument_captor"></a>
<h3><a name="com.hubberspot.mockito.argument_captor"></a>com.hubberspot.mockito.argument_captor</h3>
<table border="0" class="bodyTable">
<tr class="a">
<th>-</th>
<th>Class</th>
<th>Tests</th>
<th>Errors</th>
<th>Failures</th>
<th>Skipped</th>
<th>Success Rate</th>
<th>Time</th></tr>
<tr class="b">
<td align="left"><a href="#com.hubberspot.mockito.argument_captor.BookServiceTest"><img src="images/icon_success_sml.gif" alt="" /></a></td>
<td><a href="#com.hubberspot.mockito.argument_captor.BookServiceTest">BookServiceTest</a></td>
<td>1</td>
<td>0</td>
<td>0</td>
<td>0</td>
<td>100%</td>
<td>0.017 s</td></tr></table></section><section><a id="com.hubberspot.mockito.test_doubles.mock"></a>
<h3><a name="com.hubberspot.mockito.test_doubles.mock"></a>com.hubberspot.mockito.test_doubles.mock</h3>
<table border="0" class="bodyTable">
<tr class="a">
<th>-</th>
<th>Class</th>
<th>Tests</th>
<th>Errors</th>
<th>Failures</th>
<th>Skipped</th>
<th>Success Rate</th>
<th>Time</th></tr>
<tr class="b">
<td align="left"><a href="#com.hubberspot.mockito.test_doubles.mock.MockTest"><img src="images/icon_success_sml.gif" alt="" /></a></td>
<td><a href="#com.hubberspot.mockito.test_doubles.mock.MockTest">MockTest</a></td>
<td>2</td>
<td>0</td>
<td>0</td>
<td>0</td>
<td>100%</td>
<td>0.018 s</td></tr></table></section><section><a id="com.hubberspot.mockito.annotations.support"></a>
<h3><a name="com.hubberspot.mockito.annotations.support"></a>com.hubberspot.mockito.annotations.support</h3>
<table border="0" class="bodyTable">
<tr class="a">
<th>-</th>
<th>Class</th>
<th>Tests</th>
<th>Errors</th>
<th>Failures</th>
<th>Skipped</th>
<th>Success Rate</th>
<th>Time</th></tr>
<tr class="b">
<td align="left"><a href="#com.hubberspot.mockito.annotations.support.BookGetBookIdTest"><img src="images/icon_success_sml.gif" alt="" /></a></td>
<td><a href="#com.hubberspot.mockito.annotations.support.BookGetBookIdTest">BookGetBookIdTest</a></td>
<td>3</td>
<td>0</td>
<td>0</td>
<td>0</td>
<td>100%</td>
<td>0.004 s</td></tr>
<tr class="a">
<td align="left"><a href="#com.hubberspot.mockito.annotations.support.BookGetTitleTest"><img src="images/icon_success_sml.gif" alt="" /></a></td>
<td><a href="#com.hubberspot.mockito.annotations.support.BookGetTitleTest">BookGetTitleTest</a></td>
<td>4</td>
<td>0</td>
<td>0</td>
<td>0</td>
<td>100%</td>
<td>0.003 s</td></tr>
<tr class="b">
<td align="left"><a href="#com.hubberspot.mockito.annotations.support.BookSetPublishedDateTest"><img src="images/icon_success_sml.gif" alt="" /></a></td>
<td><a href="#com.hubberspot.mockito.annotations.support.BookSetPublishedDateTest">BookSetPublishedDateTest</a></td>
<td>4</td>
<td>0</td>
<td>0</td>
<td>0</td>
<td>100%</td>
<td>0.003 s</td></tr>
<tr class="a">
<td align="left"><a href="#com.hubberspot.mockito.annotations.support.BookSetPriceTest"><img src="images/icon_warning_sml.gif" alt="" /></a></td>
<td><a href="#com.hubberspot.mockito.annotations.support.BookSetPriceTest">BookSetPriceTest</a></td>
<td>4</td>
<td>0</td>
<td>1</td>
<td>0</td>
<td>75.0%</td>
<td>0.006 s</td></tr>
<tr class="b">
<td align="left"><a href="#com.hubberspot.mockito.annotations.support.BookSetBookIdTest"><img src="images/icon_success_sml.gif" alt="" /></a></td>
<td><a href="#com.hubberspot.mockito.annotations.support.BookSetBookIdTest">BookSetBookIdTest</a></td>
<td>4</td>
<td>0</td>
<td>0</td>
<td>0</td>
<td>100%</td>
<td>0.094 s</td></tr>
<tr class="a">
<td align="left"><a href="#com.hubberspot.mockito.annotations.support.BookGetPublishedDateTest"><img src="images/icon_warning_sml.gif" alt="" /></a></td>
<td><a href="#com.hubberspot.mockito.annotations.support.BookGetPublishedDateTest">BookGetPublishedDateTest</a></td>
<td>3</td>
<td>0</td>
<td>1</td>
<td>0</td>
<td>66.7%</td>
<td>0.004 s</td></tr>
<tr class="b">
<td align="left"><a href="#com.hubberspot.mockito.annotations.support.BookGetPriceTest"><img src="images/icon_success_sml.gif" alt="" /></a></td>
<td><a href="#com.hubberspot.mockito.annotations.support.BookGetPriceTest">BookGetPriceTest</a></td>
<td>3</td>
<td>0</td>
<td>0</td>
<td>0</td>
<td>100%</td>
<td>0.004 s</td></tr>
<tr class="a">
<td align="left"><a href="#com.hubberspot.mockito.annotations.support.BookServiceGetNewBooksWithAppliedDiscountTest"><img src="images/icon_warning_sml.gif" alt="" /></a></td>
<td><a href="#com.hubberspot.mockito.annotations.support.BookServiceGetNewBooksWithAppliedDiscountTest">BookServiceGetNewBooksWithAppliedDiscountTest</a></td>
<td>5</td>
<td>0</td>
<td>1</td>
<td>0</td>
<td>80.0%</td>
<td>0.020 s</td></tr>
<tr class="b">
<td align="left"><a href="#com.hubberspot.mockito.annotations.support.AnnotationsTest"><img src="images/icon_success_sml.gif" alt="" /></a></td>
<td><a href="#com.hubberspot.mockito.annotations.support.AnnotationsTest">AnnotationsTest</a></td>
<td>1</td>
<td>0</td>
<td>0</td>
<td>0</td>
<td>100%</td>
<td>0.002 s</td></tr>
<tr class="a">
<td align="left"><a href="#com.hubberspot.mockito.annotations.support.BookSetTitleTest"><img src="images/icon_success_sml.gif" alt="" /></a></td>
<td><a href="#com.hubberspot.mockito.annotations.support.BookSetTitleTest">BookSetTitleTest</a></td>
<td>3</td>
<td>0</td>
<td>0</td>
<td>0</td>
<td>100%</td>
<td>0.003 s</td></tr></table></section><section><a id="com.hubberspot.mockito.bdd.stubbing"></a>
<h3><a name="com.hubberspot.mockito.bdd.stubbing"></a>com.hubberspot.mockito.bdd.stubbing</h3>
<table border="0" class="bodyTable">
<tr class="a">
<th>-</th>
<th>Class</th>
<th>Tests</th>
<th>Errors</th>
<th>Failures</th>
<th>Skipped</th>
<th>Success Rate</th>
<th>Time</th></tr>
<tr class="b">
<td align="left"><a href="#com.hubberspot.mockito.bdd.stubbing.StubTest"><img src="images/icon_success_sml.gif" alt="" /></a></td>
<td><a href="#com.hubberspot.mockito.bdd.stubbing.StubTest">StubTest</a></td>
<td>2</td>
<td>0</td>
<td>0</td>
<td>0</td>
<td>100%</td>
<td>0.028 s</td></tr></table></section><section><a id="com.hubberspot.mockito.test_doubles.stub"></a>
<h3><a name="com.hubberspot.mockito.test_doubles.stub"></a>com.hubberspot.mockito.test_doubles.stub</h3>
<table border="0" class="bodyTable">
<tr class="a">
<th>-</th>
<th>Class</th>
<th>Tests</th>
<th>Errors</th>
<th>Failures</th>
<th>Skipped</th>
<th>Success Rate</th>
<th>Time</th></tr>
<tr class="b">
<td align="left"><a href="#com.hubberspot.mockito.test_doubles.stub.StubTest"><img src="images/icon_success_sml.gif" alt="" /></a></td>
<td><a href="#com.hubberspot.mockito.test_doubles.stub.StubTest">StubTest</a></td>
<td>2</td>
<td>0</td>
<td>0</td>
<td>0</td>
<td>100%</td>
<td>0.018 s</td></tr></table></section><section><a id="com.hubberspot.mockito.test_doubles.dummy"></a>
<h3><a name="com.hubberspot.mockito.test_doubles.dummy"></a>com.hubberspot.mockito.test_doubles.dummy</h3>
<table border="0" class="bodyTable">
<tr class="a">
<th>-</th>
<th>Class</th>
<th>Tests</th>
<th>Errors</th>
<th>Failures</th>
<th>Skipped</th>
<th>Success Rate</th>
<th>Time</th></tr>
<tr class="b">
<td align="left"><a href="#com.hubberspot.mockito.test_doubles.dummy.DummyTest"><img src="images/icon_success_sml.gif" alt="" /></a></td>
<td><a href="#com.hubberspot.mockito.test_doubles.dummy.DummyTest">DummyTest</a></td>
<td>2</td>
<td>0</td>
<td>0</td>
<td>0</td>
<td>100%</td>
<td>0.039 s</td></tr></table></section><section><a id="com.hubberspot.mockito.behavior.verfication"></a>
<h3><a name="com.hubberspot.mockito.behavior.verfication"></a>com.hubberspot.mockito.behavior.verfication</h3>
<table border="0" class="bodyTable">
<tr class="a">
<th>-</th>
<th>Class</th>
<th>Tests</th>
<th>Errors</th>
<th>Failures</th>
<th>Skipped</th>
<th>Success Rate</th>
<th>Time</th></tr>
<tr class="b">
<td align="left"><a href="#com.hubberspot.mockito.behavior.verfication.BookServiceTest"><img src="images/icon_error_sml.gif" alt="" /></a></td>
<td><a href="#com.hubberspot.mockito.behavior.verfication.BookServiceTest">BookServiceTest</a></td>
<td>8</td>
<td>1</td>
<td>0</td>
<td>0</td>
<td>87.5%</td>
<td>0.583 s</td></tr></table></section><section><a id="com.hubberspot.mockito.bdd.behavior_verification"></a>
<h3><a name="com.hubberspot.mockito.bdd.behavior_verification"></a>com.hubberspot.mockito.bdd.behavior_verification</h3>
<table border="0" class="bodyTable">
<tr class="a">
<th>-</th>
<th>Class</th>
<th>Tests</th>
<th>Errors</th>
<th>Failures</th>
<th>Skipped</th>
<th>Success Rate</th>
<th>Time</th></tr>
<tr class="b">
<td align="left"><a href="#com.hubberspot.mockito.bdd.behavior_verification.BookServiceTest"><img src="images/icon_success_sml.gif" alt="" /></a></td>
<td><a href="#com.hubberspot.mockito.bdd.behavior_verification.BookServiceTest">BookServiceTest</a></td>
<td>2</td>
<td>0</td>
<td>0</td>
<td>0</td>
<td>100%</td>
<td>0.017 s</td></tr></table></section><section><a id="com.hubberspot.mockito.stubbing"></a>
<h3><a name="com.hubberspot.mockito.stubbing"></a>com.hubberspot.mockito.stubbing</h3>
<table border="0" class="bodyTable">
<tr class="a">
<th>-</th>
<th>Class</th>
<th>Tests</th>
<th>Errors</th>
<th>Failures</th>
<th>Skipped</th>
<th>Success Rate</th>
<th>Time</th></tr>
<tr class="b">
<td align="left"><a href="#com.hubberspot.mockito.stubbing.BookServiceTest"><img src="images/icon_success_sml.gif" alt="" /></a></td>
<td><a href="#com.hubberspot.mockito.stubbing.BookServiceTest">BookServiceTest</a></td>
<td>4</td>
<td>0</td>
<td>0</td>
<td>0</td>
<td>100%</td>
<td>0.020 s</td></tr></table></section><section><a id="com.hubberspot.mockito.exception_handling"></a>
<h3><a name="com.hubberspot.mockito.exception_handling"></a>com.hubberspot.mockito.exception_handling</h3>
<table border="0" class="bodyTable">
<tr class="a">
<th>-</th>
<th>Class</th>
<th>Tests</th>
<th>Errors</th>
<th>Failures</th>
<th>Skipped</th>
<th>Success Rate</th>
<th>Time</th></tr>
<tr class="b">
<td align="left"><a href="#com.hubberspot.mockito.exception_handling.BookServiceTest"><img src="images/icon_success_sml.gif" alt="" /></a></td>
<td><a href="#com.hubberspot.mockito.exception_handling.BookServiceTest">BookServiceTest</a></td>
<td>5</td>
<td>0</td>
<td>0</td>
<td>0</td>
<td>100%</td>
<td>0.030 s</td></tr></table></section><br /></section><section><a id="Test_Cases"></a>
<h2><a name="Test_Cases"></a>Test Cases</h2>
<p>[<a href="#Summary">Summary</a>] [<a href="#Package_List">Package List</a>] [<a href="#Test_Cases">Test Cases</a>]</p><section><a id="com.hubberspot.mockito.bdd.stubbing.StubTest"></a>
<h3><a name="StubTest"></a>StubTest</h3>
<table border="0" class="bodyTable">
<tr class="a">
<td align="left"><img src="images/icon_success_sml.gif" alt="" /></td>
<td><a id="TC_com.hubberspot.mockito.bdd.stubbing.StubTest.testStubbingInTraditionalMockitoStyle"></a>testStubbingInTraditionalMockitoStyle</td>
<td>0.012 s</td></tr>
<tr class="b">
<td align="left"><img src="images/icon_success_sml.gif" alt="" /></td>
<td><a id="TC_com.hubberspot.mockito.bdd.stubbing.StubTest.test_Given_NewBooks_When_GetNewBooksWithAppliedDiscountIsCalled_Then_NewBooksWithAppliedDiscountIsReturned"></a>test_Given_NewBooks_When_GetNewBooksWithAppliedDiscountIsCalled_Then_NewBooksWithAppliedDiscountIsReturned</td>
<td>0.014 s</td></tr></table></section><section><a id="com.hubberspot.mockito.annotations.support.BookGetBookIdTest"></a>
<h3><a name="BookGetBookIdTest"></a>BookGetBookIdTest</h3>
<table border="0" class="bodyTable">
<tr class="a">
<td align="left"><img src="images/icon_success_sml.gif" alt="" /></td>
<td><a id="TC_com.hubberspot.mockito.annotations.support.BookGetBookIdTest.testBookIdForNull"></a>testBookIdForNull</td>
<td>0.001 s</td></tr>
<tr class="b">
<td align="left"><img src="images/icon_success_sml.gif" alt="" /></td>
<td><a id="TC_com.hubberspot.mockito.annotations.support.BookGetBookIdTest.testBookIdRetrieval"></a>testBookIdRetrieval</td>
<td>0.001 s</td></tr>
<tr class="a">
<td align="left"><img src="images/icon_success_sml.gif" alt="" /></td>
<td><a id="TC_com.hubberspot.mockito.annotations.support.BookGetBookIdTest.testBookIdForEmptyString"></a>testBookIdForEmptyString</td>
<td>0.001 s</td></tr></table></section><section><a id="com.hubberspot.mockito.annotations.support.BookGetTitleTest"></a>
<h3><a name="BookGetTitleTest"></a>BookGetTitleTest</h3>
<table border="0" class="bodyTable">
<tr class="a">
<td align="left"><img src="images/icon_success_sml.gif" alt="" /></td>
<td><a id="TC_com.hubberspot.mockito.annotations.support.BookGetTitleTest.doesGetTitleReturnEmptyStringWhenTitleIsEmpty"></a>doesGetTitleReturnEmptyStringWhenTitleIsEmpty</td>
<td>0 s</td></tr>
<tr class="b">
<td align="left"><img src="images/icon_success_sml.gif" alt="" /></td>
<td><a id="TC_com.hubberspot.mockito.annotations.support.BookGetTitleTest.doesGetTitleReturnCorrectTitle"></a>doesGetTitleReturnCorrectTitle</td>
<td>0 s</td></tr>
<tr class="a">
<td align="left"><img src="images/icon_success_sml.gif" alt="" /></td>
<td><a id="TC_com.hubberspot.mockito.annotations.support.BookGetTitleTest.doesGetTitleReturnWhitespaceWhenTitleIsWhitespace"></a>doesGetTitleReturnWhitespaceWhenTitleIsWhitespace</td>
<td>0 s</td></tr>
<tr class="b">
<td align="left"><img src="images/icon_success_sml.gif" alt="" /></td>
<td><a id="TC_com.hubberspot.mockito.annotations.support.BookGetTitleTest.doesGetTitleReturnNullWhenNoTitleSet"></a>doesGetTitleReturnNullWhenNoTitleSet</td>
<td>0.001 s</td></tr></table></section><section><a id="com.hubberspot.mockito.annotations.support.BookSetPublishedDateTest"></a>
<h3><a name="BookSetPublishedDateTest"></a>BookSetPublishedDateTest</h3>
<table border="0" class="bodyTable">
<tr class="a">
<td align="left"><img src="images/icon_success_sml.gif" alt="" /></td>
<td><a id="TC_com.hubberspot.mockito.annotations.support.BookSetPublishedDateTest.testFutureDateInput"></a>testFutureDateInput</td>
<td>0.001 s</td></tr>
<tr class="b">
<td align="left"><img src="images/icon_success_sml.gif" alt="" /></td>
<td><a id="TC_com.hubberspot.mockito.annotations.support.BookSetPublishedDateTest.testPastDateInput"></a>testPastDateInput</td>
<td>0 s</td></tr>
<tr class="a">
<td align="left"><img src="images/icon_success_sml.gif" alt="" /></td>
<td><a id="TC_com.hubberspot.mockito.annotations.support.BookSetPublishedDateTest.testNullDateInput"></a>testNullDateInput</td>
<td>0 s</td></tr>
<tr class="b">
<td align="left"><img src="images/icon_success_sml.gif" alt="" /></td>
<td><a id="TC_com.hubberspot.mockito.annotations.support.BookSetPublishedDateTest.testValidDateInput"></a>testValidDateInput</td>
<td>0.001 s</td></tr></table></section><section><a id="com.hubberspot.mockito.test_doubles.stub.StubTest"></a>
<h3><a name="StubTest"></a>StubTest</h3>
<table border="0" class="bodyTable">
<tr class="a">
<td align="left"><img src="images/icon_success_sml.gif" alt="" /></td>
<td><a id="TC_com.hubberspot.mockito.test_doubles.stub.StubTest.demoStub"></a>demoStub</td>
<td>0.002 s</td></tr>
<tr class="b">
<td align="left"><img src="images/icon_success_sml.gif" alt="" /></td>
<td><a id="TC_com.hubberspot.mockito.test_doubles.stub.StubTest.demoStubWithMockito"></a>demoStubWithMockito</td>
<td>0.015 s</td></tr></table></section><section><a id="com.hubberspot.mockito.test_doubles.fake.FakeTest"></a>
<h3><a name="FakeTest"></a>FakeTest</h3>
<table border="0" class="bodyTable">
<tr class="a">
<td align="left"><img src="images/icon_success_sml.gif" alt="" /></td>
<td><a id="TC_com.hubberspot.mockito.test_doubles.fake.FakeTest.testFake"></a>testFake</td>
<td>0.003 s</td></tr>
<tr class="b">
<td align="left"><img src="images/icon_success_sml.gif" alt="" /></td>
<td><a id="TC_com.hubberspot.mockito.test_doubles.fake.FakeTest.testFakeWithMockito"></a>testFakeWithMockito</td>
<td>0.014 s</td></tr></table></section><section><a id="com.hubberspot.mockito.annotations.support.BookSetPriceTest"></a>
<h3><a name="BookSetPriceTest"></a>BookSetPriceTest</h3>
<table border="0" class="bodyTable">
<tr class="a">
<td align="left"><img src="images/icon_success_sml.gif" alt="" /></td>
<td><a id="TC_com.hubberspot.mockito.annotations.support.BookSetPriceTest.testSetZeroPrice"></a>testSetZeroPrice</td>
<td>0.001 s</td></tr>
<tr class="b">
<td align="left"><img src="images/icon_success_sml.gif" alt="" /></td>
<td><a id="TC_com.hubberspot.mockito.annotations.support.BookSetPriceTest.testSetPositivePrice"></a>testSetPositivePrice</td>
<td>0 s</td></tr>
<tr class="a">
<td align="left"><a href="#com.hubberspot.mockito.annotations.support.BookSetPriceTest.testSetNegativePrice"><img src="images/icon_error_sml.gif" alt="" /></a></td>
<td><a id="TC_com.hubberspot.mockito.annotations.support.BookSetPriceTest.testSetNegativePrice"></a><a href="#com.hubberspot.mockito.annotations.support.BookSetPriceTest.testSetNegativePrice">testSetNegativePrice</a>
<div class="detailToggle" style="display:inline"><a href="javascript:toggleDisplay('com.hubberspot.mockito.annotations.support.BookSetPriceTest.testSetNegativePrice');"><span style="display:inline;" id="com.hubberspot.mockito.annotations.support.BookSetPriceTest.testSetNegativePrice-off"> + </span><span style="display:none;" id="com.hubberspot.mockito.annotations.support.BookSetPriceTest.testSetNegativePrice-on"> - </span>[ Detail ]</a></div></td>
<td>0.001 s</td></tr>
<tr class="b">
<td align="left">-</td>
<td>Expected java.lang.IllegalArgumentException to be thrown, but nothing was thrown.</td>
<td>-</td></tr>
<tr class="a" id="com.hubberspot.mockito.annotations.support.BookSetPriceTest.testSetNegativePrice-failure" style="display:none;">
<td align="left">-</td>
<td>
<div class="source">
<pre>org.opentest4j.AssertionFailedError: Expected java.lang.IllegalArgumentException to be thrown, but nothing was thrown.
	at org.junit.jupiter.api.AssertThrows.assertThrows(AssertThrows.java:71)
	at org.junit.jupiter.api.AssertThrows.assertThrows(AssertThrows.java:37)
	at org.junit.jupiter.api.Assertions.assertThrows(Assertions.java:2952)
	at com.hubberspot.mockito.annotations.support.BookSetPriceTest.testSetNegativePrice(BookSetPriceTest.java:102)
	at java.base/jdk.internal.reflect.DirectMethodHandleAccessor.invoke(DirectMethodHandleAccessor.java:103)
	at java.base/java.lang.reflect.Method.invoke(Method.java:580)
	at org.junit.platform.commons.util.ReflectionUtils.invokeMethod(ReflectionUtils.java:675)
	at org.junit.jupiter.engine.execution.MethodInvocation.proceed(MethodInvocation.java:60)
	at org.junit.jupiter.engine.execution.InvocationInterceptorChain$ValidatingInvocation.proceed(InvocationInterceptorChain.java:125)
	at org.junit.jupiter.engine.extension.TimeoutExtension.intercept(TimeoutExtension.java:132)
	at org.junit.jupiter.engine.extension.TimeoutExtension.interceptTestableMethod(TimeoutExtension.java:124)
	at org.junit.jupiter.engine.extension.TimeoutExtension.interceptTestMethod(TimeoutExtension.java:74)
	at org.junit.jupiter.engine.execution.ExecutableInvoker$ReflectiveInterceptorCall.lambda$ofVoidMethod$0(ExecutableInvoker.java:115)
	at org.junit.jupiter.engine.execution.ExecutableInvoker.lambda$invoke$0(ExecutableInvoker.java:105)
	at org.junit.jupiter.engine.execution.InvocationInterceptorChain$InterceptedInvocation.proceed(InvocationInterceptorChain.java:104)
	at org.junit.jupiter.engine.execution.InvocationInterceptorChain.proceed(InvocationInterceptorChain.java:62)
	at org.junit.jupiter.engine.execution.InvocationInterceptorChain.chainAndInvoke(InvocationInterceptorChain.java:43)
	at org.junit.jupiter.engine.execution.InvocationInterceptorChain.invoke(InvocationInterceptorChain.java:35)
	at org.junit.jupiter.engine.execution.ExecutableInvoker.invoke(ExecutableInvoker.java:104)
	at org.junit.jupiter.engine.execution.ExecutableInvoker.invoke(ExecutableInvoker.java:98)
	at org.junit.jupiter.engine.descriptor.TestMethodTestDescriptor.lambda$invokeTestMethod$6(TestMethodTestDescriptor.java:202)
	at org.junit.platform.engine.support.hierarchical.ThrowableCollector.execute(ThrowableCollector.java:73)
	at org.junit.jupiter.engine.descriptor.TestMethodTestDescriptor.invokeTestMethod(TestMethodTestDescriptor.java:198)
	at org.junit.jupiter.engine.descriptor.TestMethodTestDescriptor.execute(TestMethodTestDescriptor.java:135)
	at org.junit.jupiter.engine.descriptor.TestMethodTestDescriptor.execute(TestMethodTestDescriptor.java:69)
	at org.junit.platform.engine.support.hierarchical.NodeTestTask.lambda$executeRecursively$5(NodeTestTask.java:135)
	at org.junit.platform.engine.support.hierarchical.ThrowableCollector.execute(ThrowableCollector.java:73)
	at org.junit.platform.engine.support.hierarchical.NodeTestTask.lambda$executeRecursively$7(NodeTestTask.java:125)
	at org.junit.platform.engine.support.hierarchical.Node.around(Node.java:135)
	at org.junit.platform.engine.support.hierarchical.NodeTestTask.lambda$executeRecursively$8(NodeTestTask.java:123)
	at org.junit.platform.engine.support.hierarchical.ThrowableCollector.execute(ThrowableCollector.java:73)
	at org.junit.platform.engine.support.hierarchical.NodeTestTask.executeRecursively(NodeTestTask.java:122)
	at org.junit.platform.engine.support.hierarchical.NodeTestTask.execute(NodeTestTask.java:80)
	at java.base/java.util.ArrayList.forEach(ArrayList.java:1596)
	at org.junit.platform.engine.support.hierarchical.SameThreadHierarchicalTestExecutorService.invokeAll(SameThreadHierarchicalTestExecutorService.java:38)
	at org.junit.platform.engine.support.hierarchical.NodeTestTask.lambda$executeRecursively$5(NodeTestTask.java:139)
	at org.junit.platform.engine.support.hierarchical.ThrowableCollector.execute(ThrowableCollector.java:73)
	at org.junit.platform.engine.support.hierarchical.NodeTestTask.lambda$executeRecursively$7(NodeTestTask.java:125)
	at org.junit.platform.engine.support.hierarchical.Node.around(Node.java:135)
	at org.junit.platform.engine.support.hierarchical.NodeTestTask.lambda$executeRecursively$8(NodeTestTask.java:123)
	at org.junit.platform.engine.support.hierarchical.ThrowableCollector.execute(ThrowableCollector.java:73)
	at org.junit.platform.engine.support.hierarchical.NodeTestTask.executeRecursively(NodeTestTask.java:122)
	at org.junit.platform.engine.support.hierarchical.NodeTestTask.execute(NodeTestTask.java:80)
	at java.base/java.util.ArrayList.forEach(ArrayList.java:1596)
	at org.junit.platform.engine.support.hierarchical.SameThreadHierarchicalTestExecutorService.invokeAll(SameThreadHierarchicalTestExecutorService.java:38)
	at org.junit.platform.engine.support.hierarchical.NodeTestTask.lambda$executeRecursively$5(NodeTestTask.java:139)
	at org.junit.platform.engine.support.hierarchical.ThrowableCollector.execute(ThrowableCollector.java:73)
	at org.junit.platform.engine.support.hierarchical.NodeTestTask.lambda$executeRecursively$7(NodeTestTask.java:125)
	at org.junit.platform.engine.support.hierarchical.Node.around(Node.java:135)
	at org.junit.platform.engine.support.hierarchical.NodeTestTask.lambda$executeRecursively$8(NodeTestTask.java:123)
	at org.junit.platform.engine.support.hierarchical.ThrowableCollector.execute(ThrowableCollector.java:73)
	at org.junit.platform.engine.support.hierarchical.NodeTestTask.executeRecursively(NodeTestTask.java:122)
	at org.junit.platform.engine.support.hierarchical.NodeTestTask.execute(NodeTestTask.java:80)
	at org.junit.platform.engine.support.hierarchical.SameThreadHierarchicalTestExecutorService.submit(SameThreadHierarchicalTestExecutorService.java:32)
	at org.junit.platform.engine.support.hierarchical.HierarchicalTestExecutor.execute(HierarchicalTestExecutor.java:57)
	at org.junit.platform.engine.support.hierarchical.HierarchicalTestEngine.execute(HierarchicalTestEngine.java:51)
	at org.junit.platform.launcher.core.DefaultLauncher.execute(DefaultLauncher.java:229)
	at org.junit.platform.launcher.core.DefaultLauncher.lambda$execute$6(DefaultLauncher.java:197)
	at org.junit.platform.launcher.core.DefaultLauncher.withInterceptedStreams(DefaultLauncher.java:211)
	at org.junit.platform.launcher.core.DefaultLauncher.execute(DefaultLauncher.java:191)
	at org.junit.platform.launcher.core.DefaultLauncher.execute(DefaultLauncher.java:128)
	at org.apache.maven.surefire.junitplatform.LazyLauncher.execute(LazyLauncher.java:56)
	at org.apache.maven.surefire.junitplatform.JUnitPlatformProvider.execute(JUnitPlatformProvider.java:184)
	at org.apache.maven.surefire.junitplatform.JUnitPlatformProvider.invokeAllTests(JUnitPlatformProvider.java:148)
	at org.apache.maven.surefire.junitplatform.JUnitPlatformProvider.invoke(JUnitPlatformProvider.java:122)
	at org.apache.maven.surefire.booter.ForkedBooter.runSuitesInProcess(ForkedBooter.java:385)
	at org.apache.maven.surefire.booter.ForkedBooter.execute(ForkedBooter.java:162)
	at org.apache.maven.surefire.booter.ForkedBooter.run(ForkedBooter.java:507)
	at org.apache.maven.surefire.booter.ForkedBooter.main(ForkedBooter.java:495)
</pre></div></td>
<td>-</td></tr>
<tr class="b">
<td align="left"><img src="images/icon_success_sml.gif" alt="" /></td>
<td><a id="TC_com.hubberspot.mockito.annotations.support.BookSetPriceTest.testSetLargePrice"></a>testSetLargePrice</td>
<td>0.001 s</td></tr></table></section><section><a id="com.hubberspot.mockito.annotations.support.BookSetBookIdTest"></a>
<h3><a name="BookSetBookIdTest"></a>BookSetBookIdTest</h3>
<table border="0" class="bodyTable">
<tr class="a">
<td align="left"><img src="images/icon_success_sml.gif" alt="" /></td>
<td><a id="TC_com.hubberspot.mockito.annotations.support.BookSetBookIdTest.shouldAssignValidBookId"></a>shouldAssignValidBookId</td>
<td>0.091 s</td></tr>
<tr class="b">
<td align="left"><img src="images/icon_success_sml.gif" alt="" /></td>
<td><a id="TC_com.hubberspot.mockito.annotations.support.BookSetBookIdTest.shouldHandleNullBookId"></a>shouldHandleNullBookId</td>
<td>0.001 s</td></tr>
<tr class="a">
<td align="left"><img src="images/icon_success_sml.gif" alt="" /></td>
<td><a id="TC_com.hubberspot.mockito.annotations.support.BookSetBookIdTest.shouldHandleEmptyBookId"></a>shouldHandleEmptyBookId</td>
<td>0.001 s</td></tr>
<tr class="b">
<td align="left"><img src="images/icon_success_sml.gif" alt="" /></td>
<td><a id="TC_com.hubberspot.mockito.annotations.support.BookSetBookIdTest.shouldHandleLongBookId"></a>shouldHandleLongBookId</td>
<td>0 s</td></tr></table></section><section><a id="com.hubberspot.mockito.argument_captor.BookServiceTest"></a>
<h3><a name="BookServiceTest"></a>BookServiceTest</h3>
<table border="0" class="bodyTable">
<tr class="a">
<td align="left"><img src="images/icon_success_sml.gif" alt="" /></td>
<td><a id="TC_com.hubberspot.mockito.argument_captor.BookServiceTest.testSaveBook"></a>testSaveBook</td>
<td>0.017 s</td></tr></table></section><section><a id="com.hubberspot.mockito.test_doubles.spy.SpyTest"></a>
<h3><a name="SpyTest"></a>SpyTest</h3>
<table border="0" class="bodyTable">
<tr class="a">
<td align="left"><img src="images/icon_success_sml.gif" alt="" /></td>
<td><a id="TC_com.hubberspot.mockito.test_doubles.spy.SpyTest.demoSpyWithMockito"></a>demoSpyWithMockito</td>
<td>0.021 s</td></tr>
<tr class="b">
<td align="left"><img src="images/icon_success_sml.gif" alt="" /></td>
<td><a id="TC_com.hubberspot.mockito.test_doubles.spy.SpyTest.demoSpy"></a>demoSpy</td>
<td>0.007 s</td></tr></table></section><section><a id="com.hubberspot.mockito.annotations.support.BookGetPublishedDateTest"></a>
<h3><a name="BookGetPublishedDateTest"></a>BookGetPublishedDateTest</h3>
<table border="0" class="bodyTable">
<tr class="a">
<td align="left"><a href="#com.hubberspot.mockito.annotations.support.BookGetPublishedDateTest.testPublishedDateIsImmutable"><img src="images/icon_error_sml.gif" alt="" /></a></td>
<td><a id="TC_com.hubberspot.mockito.annotations.support.BookGetPublishedDateTest.testPublishedDateIsImmutable"></a><a href="#com.hubberspot.mockito.annotations.support.BookGetPublishedDateTest.testPublishedDateIsImmutable">testPublishedDateIsImmutable</a>
<div class="detailToggle" style="display:inline"><a href="javascript:toggleDisplay('com.hubberspot.mockito.annotations.support.BookGetPublishedDateTest.testPublishedDateIsImmutable');"><span style="display:inline;" id="com.hubberspot.mockito.annotations.support.BookGetPublishedDateTest.testPublishedDateIsImmutable-off"> + </span><span style="display:none;" id="com.hubberspot.mockito.annotations.support.BookGetPublishedDateTest.testPublishedDateIsImmutable-on"> - </span>[ Detail ]</a></div></td>
<td>0.001 s</td></tr>
<tr class="b">
<td align="left">-</td>
<td>Expected java.lang.UnsupportedOperationException to be thrown, but nothing was thrown.</td>
<td>-</td></tr>
<tr class="a" id="com.hubberspot.mockito.annotations.support.BookGetPublishedDateTest.testPublishedDateIsImmutable-failure" style="display:none;">
<td align="left">-</td>
<td>
<div class="source">
<pre>org.opentest4j.AssertionFailedError: Expected java.lang.UnsupportedOperationException to be thrown, but nothing was thrown.
	at org.junit.jupiter.api.AssertThrows.assertThrows(AssertThrows.java:71)
	at org.junit.jupiter.api.AssertThrows.assertThrows(AssertThrows.java:37)
	at org.junit.jupiter.api.Assertions.assertThrows(Assertions.java:2952)
	at com.hubberspot.mockito.annotations.support.BookGetPublishedDateTest.testPublishedDateIsImmutable(BookGetPublishedDateTest.java:86)
	at java.base/jdk.internal.reflect.DirectMethodHandleAccessor.invoke(DirectMethodHandleAccessor.java:103)
	at java.base/java.lang.reflect.Method.invoke(Method.java:580)
	at org.junit.platform.commons.util.ReflectionUtils.invokeMethod(ReflectionUtils.java:675)
	at org.junit.jupiter.engine.execution.MethodInvocation.proceed(MethodInvocation.java:60)
	at org.junit.jupiter.engine.execution.InvocationInterceptorChain$ValidatingInvocation.proceed(InvocationInterceptorChain.java:125)
	at org.junit.jupiter.engine.extension.TimeoutExtension.intercept(TimeoutExtension.java:132)
	at org.junit.jupiter.engine.extension.TimeoutExtension.interceptTestableMethod(TimeoutExtension.java:124)
	at org.junit.jupiter.engine.extension.TimeoutExtension.interceptTestMethod(TimeoutExtension.java:74)
	at org.junit.jupiter.engine.execution.ExecutableInvoker$ReflectiveInterceptorCall.lambda$ofVoidMethod$0(ExecutableInvoker.java:115)
	at org.junit.jupiter.engine.execution.ExecutableInvoker.lambda$invoke$0(ExecutableInvoker.java:105)
	at org.junit.jupiter.engine.execution.InvocationInterceptorChain$InterceptedInvocation.proceed(InvocationInterceptorChain.java:104)
	at org.junit.jupiter.engine.execution.InvocationInterceptorChain.proceed(InvocationInterceptorChain.java:62)
	at org.junit.jupiter.engine.execution.InvocationInterceptorChain.chainAndInvoke(InvocationInterceptorChain.java:43)
	at org.junit.jupiter.engine.execution.InvocationInterceptorChain.invoke(InvocationInterceptorChain.java:35)
	at org.junit.jupiter.engine.execution.ExecutableInvoker.invoke(ExecutableInvoker.java:104)
	at org.junit.jupiter.engine.execution.ExecutableInvoker.invoke(ExecutableInvoker.java:98)
	at org.junit.jupiter.engine.descriptor.TestMethodTestDescriptor.lambda$invokeTestMethod$6(TestMethodTestDescriptor.java:202)
	at org.junit.platform.engine.support.hierarchical.ThrowableCollector.execute(ThrowableCollector.java:73)
	at org.junit.jupiter.engine.descriptor.TestMethodTestDescriptor.invokeTestMethod(TestMethodTestDescriptor.java:198)
	at org.junit.jupiter.engine.descriptor.TestMethodTestDescriptor.execute(TestMethodTestDescriptor.java:135)
	at org.junit.jupiter.engine.descriptor.TestMethodTestDescriptor.execute(TestMethodTestDescriptor.java:69)
	at org.junit.platform.engine.support.hierarchical.NodeTestTask.lambda$executeRecursively$5(NodeTestTask.java:135)
	at org.junit.platform.engine.support.hierarchical.ThrowableCollector.execute(ThrowableCollector.java:73)
	at org.junit.platform.engine.support.hierarchical.NodeTestTask.lambda$executeRecursively$7(NodeTestTask.java:125)
	at org.junit.platform.engine.support.hierarchical.Node.around(Node.java:135)
	at org.junit.platform.engine.support.hierarchical.NodeTestTask.lambda$executeRecursively$8(NodeTestTask.java:123)
	at org.junit.platform.engine.support.hierarchical.ThrowableCollector.execute(ThrowableCollector.java:73)
	at org.junit.platform.engine.support.hierarchical.NodeTestTask.executeRecursively(NodeTestTask.java:122)
	at org.junit.platform.engine.support.hierarchical.NodeTestTask.execute(NodeTestTask.java:80)
	at java.base/java.util.ArrayList.forEach(ArrayList.java:1596)
	at org.junit.platform.engine.support.hierarchical.SameThreadHierarchicalTestExecutorService.invokeAll(SameThreadHierarchicalTestExecutorService.java:38)
	at org.junit.platform.engine.support.hierarchical.NodeTestTask.lambda$executeRecursively$5(NodeTestTask.java:139)
	at org.junit.platform.engine.support.hierarchical.ThrowableCollector.execute(ThrowableCollector.java:73)
	at org.junit.platform.engine.support.hierarchical.NodeTestTask.lambda$executeRecursively$7(NodeTestTask.java:125)
	at org.junit.platform.engine.support.hierarchical.Node.around(Node.java:135)
	at org.junit.platform.engine.support.hierarchical.NodeTestTask.lambda$executeRecursively$8(NodeTestTask.java:123)
	at org.junit.platform.engine.support.hierarchical.ThrowableCollector.execute(ThrowableCollector.java:73)
	at org.junit.platform.engine.support.hierarchical.NodeTestTask.executeRecursively(NodeTestTask.java:122)
	at org.junit.platform.engine.support.hierarchical.NodeTestTask.execute(NodeTestTask.java:80)
	at java.base/java.util.ArrayList.forEach(ArrayList.java:1596)
	at org.junit.platform.engine.support.hierarchical.SameThreadHierarchicalTestExecutorService.invokeAll(SameThreadHierarchicalTestExecutorService.java:38)
	at org.junit.platform.engine.support.hierarchical.NodeTestTask.lambda$executeRecursively$5(NodeTestTask.java:139)
	at org.junit.platform.engine.support.hierarchical.ThrowableCollector.execute(ThrowableCollector.java:73)
	at org.junit.platform.engine.support.hierarchical.NodeTestTask.lambda$executeRecursively$7(NodeTestTask.java:125)
	at org.junit.platform.engine.support.hierarchical.Node.around(Node.java:135)
	at org.junit.platform.engine.support.hierarchical.NodeTestTask.lambda$executeRecursively$8(NodeTestTask.java:123)
	at org.junit.platform.engine.support.hierarchical.ThrowableCollector.execute(ThrowableCollector.java:73)
	at org.junit.platform.engine.support.hierarchical.NodeTestTask.executeRecursively(NodeTestTask.java:122)
	at org.junit.platform.engine.support.hierarchical.NodeTestTask.execute(NodeTestTask.java:80)
	at org.junit.platform.engine.support.hierarchical.SameThreadHierarchicalTestExecutorService.submit(SameThreadHierarchicalTestExecutorService.java:32)
	at org.junit.platform.engine.support.hierarchical.HierarchicalTestExecutor.execute(HierarchicalTestExecutor.java:57)
	at org.junit.platform.engine.support.hierarchical.HierarchicalTestEngine.execute(HierarchicalTestEngine.java:51)
	at org.junit.platform.launcher.core.DefaultLauncher.execute(DefaultLauncher.java:229)
	at org.junit.platform.launcher.core.DefaultLauncher.lambda$execute$6(DefaultLauncher.java:197)
	at org.junit.platform.launcher.core.DefaultLauncher.withInterceptedStreams(DefaultLauncher.java:211)
	at org.junit.platform.launcher.core.DefaultLauncher.execute(DefaultLauncher.java:191)
	at org.junit.platform.launcher.core.DefaultLauncher.execute(DefaultLauncher.java:128)
	at org.apache.maven.surefire.junitplatform.LazyLauncher.execute(LazyLauncher.java:56)
	at org.apache.maven.surefire.junitplatform.JUnitPlatformProvider.execute(JUnitPlatformProvider.java:184)
	at org.apache.maven.surefire.junitplatform.JUnitPlatformProvider.invokeAllTests(JUnitPlatformProvider.java:148)
	at org.apache.maven.surefire.junitplatform.JUnitPlatformProvider.invoke(JUnitPlatformProvider.java:122)
	at org.apache.maven.surefire.booter.ForkedBooter.runSuitesInProcess(ForkedBooter.java:385)
	at org.apache.maven.surefire.booter.ForkedBooter.execute(ForkedBooter.java:162)
	at org.apache.maven.surefire.booter.ForkedBooter.run(ForkedBooter.java:507)
	at org.apache.maven.surefire.booter.ForkedBooter.main(ForkedBooter.java:495)
</pre></div></td>
<td>-</td></tr>
<tr class="b">
<td align="left"><img src="images/icon_success_sml.gif" alt="" /></td>
<td><a id="TC_com.hubberspot.mockito.annotations.support.BookGetPublishedDateTest.testPublishedDateIsValid"></a>testPublishedDateIsValid</td>
<td>0.001 s</td></tr>
<tr class="a">
<td align="left"><img src="images/icon_success_sml.gif" alt="" /></td>
<td><a id="TC_com.hubberspot.mockito.annotations.support.BookGetPublishedDateTest.testPublishedDateIsNull"></a>testPublishedDateIsNull</td>
<td>0.001 s</td></tr></table></section><section><a id="com.hubberspot.mockito.argument_matchers.BookServiceTest"></a>
<h3><a name="BookServiceTest"></a>BookServiceTest</h3>
<table border="0" class="bodyTable">
<tr class="a">
<td align="left"><img src="images/icon_success_sml.gif" alt="" /></td>
<td><a id="TC_com.hubberspot.mockito.argument_matchers.BookServiceTest.testCollectionTypeArgumentMatchers"></a>testCollectionTypeArgumentMatchers</td>
<td>0.021 s</td></tr>
<tr class="b">
<td align="left"><img src="images/icon_success_sml.gif" alt="" /></td>
<td><a id="TC_com.hubberspot.mockito.argument_matchers.BookServiceTest.testUpdatePrice"></a>testUpdatePrice</td>
<td>0.002 s</td></tr>
<tr class="a">
<td align="left"><img src="images/icon_success_sml.gif" alt="" /></td>
<td><a id="TC_com.hubberspot.mockito.argument_matchers.BookServiceTest.testSpecificTypeOfArgumentMatchers"></a>testSpecificTypeOfArgumentMatchers</td>
<td>0.002 s</td></tr>
<tr class="b">
<td align="left"><a href="#com.hubberspot.mockito.argument_matchers.BookServiceTest.testInvalidUseOfArgumentMatchers"><img src="images/icon_error_sml.gif" alt="" /></a></td>
<td><a id="TC_com.hubberspot.mockito.argument_matchers.BookServiceTest.testInvalidUseOfArgumentMatchers"></a><a href="#com.hubberspot.mockito.argument_matchers.BookServiceTest.testInvalidUseOfArgumentMatchers">testInvalidUseOfArgumentMatchers</a>
<div class="detailToggle" style="display:inline"><a href="javascript:toggleDisplay('com.hubberspot.mockito.argument_matchers.BookServiceTest.testInvalidUseOfArgumentMatchers');"><span style="display:inline;" id="com.hubberspot.mockito.argument_matchers.BookServiceTest.testInvalidUseOfArgumentMatchers-off"> + </span><span style="display:none;" id="com.hubberspot.mockito.argument_matchers.BookServiceTest.testInvalidUseOfArgumentMatchers-on"> - </span>[ Detail ]</a></div></td>
<td>0.015 s</td></tr>
<tr class="a">
<td align="left">-</td>
<td>
Strict stubbing argument mismatch. Please check:
 - this invocation of 'findBookByTitleAndPublishedDate' method:
    bookRepository.findBookByTitleAndPublishedDate(
    null,
    null
);
    -&gt; at com.hubberspot.mockito.argument_matchers.BookService.getBookByTitleAndPublishedDate(BookService.java:39)
 - has following stubbing(s) with different arguments:
    1. bookRepository.findBookByTitleAndPublishedDate(
    null,
    null
);
      -&gt; at com.hubberspot.mockito.argument_matchers.BookServiceTest.testInvalidUseOfArgumentMatchers(BookServiceTest.java:38)
Typically, stubbing argument mismatch indicates user mistake when writing tests.
Mockito fails early so that you can debug potential problem easily.
However, there are legit scenarios when this exception generates false negative signal:
  - stubbing the same method multiple times using 'given().will()' or 'when().then()' API
    Please use 'will().given()' or 'doReturn().when()' API for stubbing.
  - stubbed method is intentionally invoked with different arguments by code under test
    Please use default or 'silent' JUnit Rule (equivalent of Strictness.LENIENT).
For more information see javadoc for PotentialStubbingProblem class.</td>
<td>-</td></tr>
<tr class="b" id="com.hubberspot.mockito.argument_matchers.BookServiceTest.testInvalidUseOfArgumentMatchers-error" style="display:none;">
<td align="left">-</td>
<td>
<div class="source">
<pre>org.mockito.exceptions.misusing.PotentialStubbingProblem: 

Strict stubbing argument mismatch. Please check:
 - this invocation of 'findBookByTitleAndPublishedDate' method:
    bookRepository.findBookByTitleAndPublishedDate(
    null,
    null
);
    -&gt; at com.hubberspot.mockito.argument_matchers.BookService.getBookByTitleAndPublishedDate(BookService.java:39)
 - has following stubbing(s) with different arguments:
    1. bookRepository.findBookByTitleAndPublishedDate(
    null,
    null
);
      -&gt; at com.hubberspot.mockito.argument_matchers.BookServiceTest.testInvalidUseOfArgumentMatchers(BookServiceTest.java:38)
Typically, stubbing argument mismatch indicates user mistake when writing tests.
Mockito fails early so that you can debug potential problem easily.
However, there are legit scenarios when this exception generates false negative signal:
  - stubbing the same method multiple times using 'given().will()' or 'when().then()' API
    Please use 'will().given()' or 'doReturn().when()' API for stubbing.
  - stubbed method is intentionally invoked with different arguments by code under test
    Please use default or 'silent' JUnit Rule (equivalent of Strictness.LENIENT).
For more information see javadoc for PotentialStubbingProblem class.
	at com.hubberspot.mockito.argument_matchers.BookService.getBookByTitleAndPublishedDate(BookService.java:39)
	at com.hubberspot.mockito.argument_matchers.BookServiceTest.testInvalidUseOfArgumentMatchers(BookServiceTest.java:39)
	at java.base/jdk.internal.reflect.DirectMethodHandleAccessor.invoke(DirectMethodHandleAccessor.java:103)
	at java.base/java.lang.reflect.Method.invoke(Method.java:580)
	at org.junit.platform.commons.util.ReflectionUtils.invokeMethod(ReflectionUtils.java:675)
	at org.junit.jupiter.engine.execution.MethodInvocation.proceed(MethodInvocation.java:60)
	at org.junit.jupiter.engine.execution.InvocationInterceptorChain$ValidatingInvocation.proceed(InvocationInterceptorChain.java:125)
	at org.junit.jupiter.engine.extension.TimeoutExtension.intercept(TimeoutExtension.java:132)
	at org.junit.jupiter.engine.extension.TimeoutExtension.interceptTestableMethod(TimeoutExtension.java:124)
	at org.junit.jupiter.engine.extension.TimeoutExtension.interceptTestMethod(TimeoutExtension.java:74)
	at org.junit.jupiter.engine.execution.ExecutableInvoker$ReflectiveInterceptorCall.lambda$ofVoidMethod$0(ExecutableInvoker.java:115)
	at org.junit.jupiter.engine.execution.ExecutableInvoker.lambda$invoke$0(ExecutableInvoker.java:105)
	at org.junit.jupiter.engine.execution.InvocationInterceptorChain$InterceptedInvocation.proceed(InvocationInterceptorChain.java:104)
	at org.junit.jupiter.engine.execution.InvocationInterceptorChain.proceed(InvocationInterceptorChain.java:62)
	at org.junit.jupiter.engine.execution.InvocationInterceptorChain.chainAndInvoke(InvocationInterceptorChain.java:43)
	at org.junit.jupiter.engine.execution.InvocationInterceptorChain.invoke(InvocationInterceptorChain.java:35)
	at org.junit.jupiter.engine.execution.ExecutableInvoker.invoke(ExecutableInvoker.java:104)
	at org.junit.jupiter.engine.execution.ExecutableInvoker.invoke(ExecutableInvoker.java:98)
	at org.junit.jupiter.engine.descriptor.TestMethodTestDescriptor.lambda$invokeTestMethod$6(TestMethodTestDescriptor.java:202)
	at org.junit.platform.engine.support.hierarchical.ThrowableCollector.execute(ThrowableCollector.java:73)
	at org.junit.jupiter.engine.descriptor.TestMethodTestDescriptor.invokeTestMethod(TestMethodTestDescriptor.java:198)
	at org.junit.jupiter.engine.descriptor.TestMethodTestDescriptor.execute(TestMethodTestDescriptor.java:135)
	at org.junit.jupiter.engine.descriptor.TestMethodTestDescriptor.execute(TestMethodTestDescriptor.java:69)
	at org.junit.platform.engine.support.hierarchical.NodeTestTask.lambda$executeRecursively$5(NodeTestTask.java:135)
	at org.junit.platform.engine.support.hierarchical.ThrowableCollector.execute(ThrowableCollector.java:73)
	at org.junit.platform.engine.support.hierarchical.NodeTestTask.lambda$executeRecursively$7(NodeTestTask.java:125)
	at org.junit.platform.engine.support.hierarchical.Node.around(Node.java:135)
	at org.junit.platform.engine.support.hierarchical.NodeTestTask.lambda$executeRecursively$8(NodeTestTask.java:123)
	at org.junit.platform.engine.support.hierarchical.ThrowableCollector.execute(ThrowableCollector.java:73)
	at org.junit.platform.engine.support.hierarchical.NodeTestTask.executeRecursively(NodeTestTask.java:122)
	at org.junit.platform.engine.support.hierarchical.NodeTestTask.execute(NodeTestTask.java:80)
	at java.base/java.util.ArrayList.forEach(ArrayList.java:1596)
	at org.junit.platform.engine.support.hierarchical.SameThreadHierarchicalTestExecutorService.invokeAll(SameThreadHierarchicalTestExecutorService.java:38)
	at org.junit.platform.engine.support.hierarchical.NodeTestTask.lambda$executeRecursively$5(NodeTestTask.java:139)
	at org.junit.platform.engine.support.hierarchical.ThrowableCollector.execute(ThrowableCollector.java:73)
	at org.junit.platform.engine.support.hierarchical.NodeTestTask.lambda$executeRecursively$7(NodeTestTask.java:125)
	at org.junit.platform.engine.support.hierarchical.Node.around(Node.java:135)
	at org.junit.platform.engine.support.hierarchical.NodeTestTask.lambda$executeRecursively$8(NodeTestTask.java:123)
	at org.junit.platform.engine.support.hierarchical.ThrowableCollector.execute(ThrowableCollector.java:73)
	at org.junit.platform.engine.support.hierarchical.NodeTestTask.executeRecursively(NodeTestTask.java:122)
	at org.junit.platform.engine.support.hierarchical.NodeTestTask.execute(NodeTestTask.java:80)
	at java.base/java.util.ArrayList.forEach(ArrayList.java:1596)
	at org.junit.platform.engine.support.hierarchical.SameThreadHierarchicalTestExecutorService.invokeAll(SameThreadHierarchicalTestExecutorService.java:38)
	at org.junit.platform.engine.support.hierarchical.NodeTestTask.lambda$executeRecursively$5(NodeTestTask.java:139)
	at org.junit.platform.engine.support.hierarchical.ThrowableCollector.execute(ThrowableCollector.java:73)
	at org.junit.platform.engine.support.hierarchical.NodeTestTask.lambda$executeRecursively$7(NodeTestTask.java:125)
	at org.junit.platform.engine.support.hierarchical.Node.around(Node.java:135)
	at org.junit.platform.engine.support.hierarchical.NodeTestTask.lambda$executeRecursively$8(NodeTestTask.java:123)
	at org.junit.platform.engine.support.hierarchical.ThrowableCollector.execute(ThrowableCollector.java:73)
	at org.junit.platform.engine.support.hierarchical.NodeTestTask.executeRecursively(NodeTestTask.java:122)
	at org.junit.platform.engine.support.hierarchical.NodeTestTask.execute(NodeTestTask.java:80)
	at org.junit.platform.engine.support.hierarchical.SameThreadHierarchicalTestExecutorService.submit(SameThreadHierarchicalTestExecutorService.java:32)
	at org.junit.platform.engine.support.hierarchical.HierarchicalTestExecutor.execute(HierarchicalTestExecutor.java:57)
	at org.junit.platform.engine.support.hierarchical.HierarchicalTestEngine.execute(HierarchicalTestEngine.java:51)
	at org.junit.platform.launcher.core.DefaultLauncher.execute(DefaultLauncher.java:229)
	at org.junit.platform.launcher.core.DefaultLauncher.lambda$execute$6(DefaultLauncher.java:197)
	at org.junit.platform.launcher.core.DefaultLauncher.withInterceptedStreams(DefaultLauncher.java:211)
	at org.junit.platform.launcher.core.DefaultLauncher.execute(DefaultLauncher.java:191)
	at org.junit.platform.launcher.core.DefaultLauncher.execute(DefaultLauncher.java:128)
	at org.apache.maven.surefire.junitplatform.LazyLauncher.execute(LazyLauncher.java:56)
	at org.apache.maven.surefire.junitplatform.JUnitPlatformProvider.execute(JUnitPlatformProvider.java:184)
	at org.apache.maven.surefire.junitplatform.JUnitPlatformProvider.invokeAllTests(JUnitPlatformProvider.java:148)
	at org.apache.maven.surefire.junitplatform.JUnitPlatformProvider.invoke(JUnitPlatformProvider.java:122)
	at org.apache.maven.surefire.booter.ForkedBooter.runSuitesInProcess(ForkedBooter.java:385)
	at org.apache.maven.surefire.booter.ForkedBooter.execute(ForkedBooter.java:162)
	at org.apache.maven.surefire.booter.ForkedBooter.run(ForkedBooter.java:507)
	at org.apache.maven.surefire.booter.ForkedBooter.main(ForkedBooter.java:495)
</pre></div></td>
<td>-</td></tr>
<tr class="a">
<td align="left"><img src="images/icon_success_sml.gif" alt="" /></td>
<td><a id="TC_com.hubberspot.mockito.argument_matchers.BookServiceTest.testStringTypeArgumentMatchers"></a>testStringTypeArgumentMatchers</td>
<td>0.002 s</td></tr></table></section><section><a id="com.hubberspot.mockito.annotations.support.BookGetPriceTest"></a>
<h3><a name="BookGetPriceTest"></a>BookGetPriceTest</h3>
<table border="0" class="bodyTable">
<tr class="a">
<td align="left"><img src="images/icon_success_sml.gif" alt="" /></td>
<td><a id="TC_com.hubberspot.mockito.annotations.support.BookGetPriceTest.testGettingNegativePrice"></a>testGettingNegativePrice</td>
<td>0.001 s</td></tr>
<tr class="b">
<td align="left"><img src="images/icon_success_sml.gif" alt="" /></td>
<td><a id="TC_com.hubberspot.mockito.annotations.support.BookGetPriceTest.testGettingPriceAfterSetting"></a>testGettingPriceAfterSetting</td>
<td>0.001 s</td></tr>
<tr class="a">
<td align="left"><img src="images/icon_success_sml.gif" alt="" /></td>
<td><a id="TC_com.hubberspot.mockito.annotations.support.BookGetPriceTest.testGettingDefaultPrice"></a>testGettingDefaultPrice</td>
<td>0.001 s</td></tr></table></section><section><a id="com.hubberspot.mockito.exception_handling.BookServiceTest"></a>
<h3><a name="BookServiceTest"></a>BookServiceTest</h3>
<table border="0" class="bodyTable">
<tr class="a">
<td align="left"><img src="images/icon_success_sml.gif" alt="" /></td>
<td><a id="TC_com.hubberspot.mockito.exception_handling.BookServiceTest.testAddBook"></a>testAddBook</td>
<td>0.017 s</td></tr>
<tr class="b">
<td align="left"><img src="images/icon_success_sml.gif" alt="" /></td>
<td><a id="TC_com.hubberspot.mockito.exception_handling.BookServiceTest.testTotalPriceOfBooks1"></a>testTotalPriceOfBooks1</td>
<td>0.005 s</td></tr>
<tr class="a">
<td align="left"><img src="images/icon_success_sml.gif" alt="" /></td>
<td><a id="TC_com.hubberspot.mockito.exception_handling.BookServiceTest.testTotalPriceOfBooks2"></a>testTotalPriceOfBooks2</td>
<td>0.001 s</td></tr>
<tr class="b">
<td align="left"><img src="images/icon_success_sml.gif" alt="" /></td>
<td><a id="TC_com.hubberspot.mockito.exception_handling.BookServiceTest.testTotalPriceOfBooks3"></a>testTotalPriceOfBooks3</td>
<td>0.003 s</td></tr>
<tr class="a">
<td align="left"><img src="images/icon_success_sml.gif" alt="" /></td>
<td><a id="TC_com.hubberspot.mockito.exception_handling.BookServiceTest.testTotalPriceOfBooks"></a>testTotalPriceOfBooks</td>
<td>0.001 s</td></tr></table></section><section><a id="com.hubberspot.mockito.behavior.verfication.BookServiceTest"></a>
<h3><a name="BookServiceTest"></a>BookServiceTest</h3>
<table border="0" class="bodyTable">
<tr class="a">
<td align="left"><img src="images/icon_success_sml.gif" alt="" /></td>
<td><a id="TC_com.hubberspot.mockito.behavior.verfication.BookServiceTest.testAddBook"></a>testAddBook</td>
<td>0.539 s</td></tr>
<tr class="b">
<td align="left"><a href="#com.hubberspot.mockito.behavior.verfication.BookServiceTest.testUpdatePrice"><img src="images/icon_error_sml.gif" alt="" /></a></td>
<td><a id="TC_com.hubberspot.mockito.behavior.verfication.BookServiceTest.testUpdatePrice"></a><a href="#com.hubberspot.mockito.behavior.verfication.BookServiceTest.testUpdatePrice">testUpdatePrice</a>
<div class="detailToggle" style="display:inline"><a href="javascript:toggleDisplay('com.hubberspot.mockito.behavior.verfication.BookServiceTest.testUpdatePrice');"><span style="display:inline;" id="com.hubberspot.mockito.behavior.verfication.BookServiceTest.testUpdatePrice-off"> + </span><span style="display:none;" id="com.hubberspot.mockito.behavior.verfication.BookServiceTest.testUpdatePrice-on"> - </span>[ Detail ]</a></div></td>
<td>0.003 s</td></tr>
<tr class="a">
<td align="left">-</td>
<td>Cannot invoke &quot;com.hubberspot.mockito.behavior.verification.Book.setPrice(int)&quot; because &quot;book&quot; is null</td>
<td>-</td></tr>
<tr class="b" id="com.hubberspot.mockito.behavior.verfication.BookServiceTest.testUpdatePrice-error" style="display:none;">
<td align="left">-</td>
<td>
<div class="source">
<pre>java.lang.NullPointerException: Cannot invoke &quot;com.hubberspot.mockito.behavior.verification.Book.setPrice(int)&quot; because &quot;book&quot; is null
	at com.hubberspot.mockito.behavior.verification.BookService.updatePrice(BookService.java:31)
	at com.hubberspot.mockito.behavior.verfication.BookServiceTest.testUpdatePrice(BookServiceTest.java:62)
	at java.base/jdk.internal.reflect.DirectMethodHandleAccessor.invoke(DirectMethodHandleAccessor.java:103)
	at java.base/java.lang.reflect.Method.invoke(Method.java:580)
	at org.junit.platform.commons.util.ReflectionUtils.invokeMethod(ReflectionUtils.java:675)
	at org.junit.jupiter.engine.execution.MethodInvocation.proceed(MethodInvocation.java:60)
	at org.junit.jupiter.engine.execution.InvocationInterceptorChain$ValidatingInvocation.proceed(InvocationInterceptorChain.java:125)
	at org.junit.jupiter.engine.extension.TimeoutExtension.intercept(TimeoutExtension.java:132)
	at org.junit.jupiter.engine.extension.TimeoutExtension.interceptTestableMethod(TimeoutExtension.java:124)
	at org.junit.jupiter.engine.extension.TimeoutExtension.interceptTestMethod(TimeoutExtension.java:74)
	at org.junit.jupiter.engine.execution.ExecutableInvoker$ReflectiveInterceptorCall.lambda$ofVoidMethod$0(ExecutableInvoker.java:115)
	at org.junit.jupiter.engine.execution.ExecutableInvoker.lambda$invoke$0(ExecutableInvoker.java:105)
	at org.junit.jupiter.engine.execution.InvocationInterceptorChain$InterceptedInvocation.proceed(InvocationInterceptorChain.java:104)
	at org.junit.jupiter.engine.execution.InvocationInterceptorChain.proceed(InvocationInterceptorChain.java:62)
	at org.junit.jupiter.engine.execution.InvocationInterceptorChain.chainAndInvoke(InvocationInterceptorChain.java:43)
	at org.junit.jupiter.engine.execution.InvocationInterceptorChain.invoke(InvocationInterceptorChain.java:35)
	at org.junit.jupiter.engine.execution.ExecutableInvoker.invoke(ExecutableInvoker.java:104)
	at org.junit.jupiter.engine.execution.ExecutableInvoker.invoke(ExecutableInvoker.java:98)
	at org.junit.jupiter.engine.descriptor.TestMethodTestDescriptor.lambda$invokeTestMethod$6(TestMethodTestDescriptor.java:202)
	at org.junit.platform.engine.support.hierarchical.ThrowableCollector.execute(ThrowableCollector.java:73)
	at org.junit.jupiter.engine.descriptor.TestMethodTestDescriptor.invokeTestMethod(TestMethodTestDescriptor.java:198)
	at org.junit.jupiter.engine.descriptor.TestMethodTestDescriptor.execute(TestMethodTestDescriptor.java:135)
	at org.junit.jupiter.engine.descriptor.TestMethodTestDescriptor.execute(TestMethodTestDescriptor.java:69)
	at org.junit.platform.engine.support.hierarchical.NodeTestTask.lambda$executeRecursively$5(NodeTestTask.java:135)
	at org.junit.platform.engine.support.hierarchical.ThrowableCollector.execute(ThrowableCollector.java:73)
	at org.junit.platform.engine.support.hierarchical.NodeTestTask.lambda$executeRecursively$7(NodeTestTask.java:125)
	at org.junit.platform.engine.support.hierarchical.Node.around(Node.java:135)
	at org.junit.platform.engine.support.hierarchical.NodeTestTask.lambda$executeRecursively$8(NodeTestTask.java:123)
	at org.junit.platform.engine.support.hierarchical.ThrowableCollector.execute(ThrowableCollector.java:73)
	at org.junit.platform.engine.support.hierarchical.NodeTestTask.executeRecursively(NodeTestTask.java:122)
	at org.junit.platform.engine.support.hierarchical.NodeTestTask.execute(NodeTestTask.java:80)
	at java.base/java.util.ArrayList.forEach(ArrayList.java:1596)
	at org.junit.platform.engine.support.hierarchical.SameThreadHierarchicalTestExecutorService.invokeAll(SameThreadHierarchicalTestExecutorService.java:38)
	at org.junit.platform.engine.support.hierarchical.NodeTestTask.lambda$executeRecursively$5(NodeTestTask.java:139)
	at org.junit.platform.engine.support.hierarchical.ThrowableCollector.execute(ThrowableCollector.java:73)
	at org.junit.platform.engine.support.hierarchical.NodeTestTask.lambda$executeRecursively$7(NodeTestTask.java:125)
	at org.junit.platform.engine.support.hierarchical.Node.around(Node.java:135)
	at org.junit.platform.engine.support.hierarchical.NodeTestTask.lambda$executeRecursively$8(NodeTestTask.java:123)
	at org.junit.platform.engine.support.hierarchical.ThrowableCollector.execute(ThrowableCollector.java:73)
	at org.junit.platform.engine.support.hierarchical.NodeTestTask.executeRecursively(NodeTestTask.java:122)
	at org.junit.platform.engine.support.hierarchical.NodeTestTask.execute(NodeTestTask.java:80)
	at java.base/java.util.ArrayList.forEach(ArrayList.java:1596)
	at org.junit.platform.engine.support.hierarchical.SameThreadHierarchicalTestExecutorService.invokeAll(SameThreadHierarchicalTestExecutorService.java:38)
	at org.junit.platform.engine.support.hierarchical.NodeTestTask.lambda$executeRecursively$5(NodeTestTask.java:139)
	at org.junit.platform.engine.support.hierarchical.ThrowableCollector.execute(ThrowableCollector.java:73)
	at org.junit.platform.engine.support.hierarchical.NodeTestTask.lambda$executeRecursively$7(NodeTestTask.java:125)
	at org.junit.platform.engine.support.hierarchical.Node.around(Node.java:135)
	at org.junit.platform.engine.support.hierarchical.NodeTestTask.lambda$executeRecursively$8(NodeTestTask.java:123)
	at org.junit.platform.engine.support.hierarchical.ThrowableCollector.execute(ThrowableCollector.java:73)
	at org.junit.platform.engine.support.hierarchical.NodeTestTask.executeRecursively(NodeTestTask.java:122)
	at org.junit.platform.engine.support.hierarchical.NodeTestTask.execute(NodeTestTask.java:80)
	at org.junit.platform.engine.support.hierarchical.SameThreadHierarchicalTestExecutorService.submit(SameThreadHierarchicalTestExecutorService.java:32)
	at org.junit.platform.engine.support.hierarchical.HierarchicalTestExecutor.execute(HierarchicalTestExecutor.java:57)
	at org.junit.platform.engine.support.hierarchical.HierarchicalTestEngine.execute(HierarchicalTestEngine.java:51)
	at org.junit.platform.launcher.core.DefaultLauncher.execute(DefaultLauncher.java:229)
	at org.junit.platform.launcher.core.DefaultLauncher.lambda$execute$6(DefaultLauncher.java:197)
	at org.junit.platform.launcher.core.DefaultLauncher.withInterceptedStreams(DefaultLauncher.java:211)
	at org.junit.platform.launcher.core.DefaultLauncher.execute(DefaultLauncher.java:191)
	at org.junit.platform.launcher.core.DefaultLauncher.execute(DefaultLauncher.java:128)
	at org.apache.maven.surefire.junitplatform.LazyLauncher.execute(LazyLauncher.java:56)
	at org.apache.maven.surefire.junitplatform.JUnitPlatformProvider.execute(JUnitPlatformProvider.java:184)
	at org.apache.maven.surefire.junitplatform.JUnitPlatformProvider.invokeAllTests(JUnitPlatformProvider.java:148)
	at org.apache.maven.surefire.junitplatform.JUnitPlatformProvider.invoke(JUnitPlatformProvider.java:122)
	at org.apache.maven.surefire.booter.ForkedBooter.runSuitesInProcess(ForkedBooter.java:385)
	at org.apache.maven.surefire.booter.ForkedBooter.execute(ForkedBooter.java:162)
	at org.apache.maven.surefire.booter.ForkedBooter.run(ForkedBooter.java:507)
	at org.apache.maven.surefire.booter.ForkedBooter.main(ForkedBooter.java:495)
</pre></div></td>
<td>-</td></tr>
<tr class="a">
<td align="left"><img src="images/icon_success_sml.gif" alt="" /></td>
<td><a id="TC_com.hubberspot.mockito.behavior.verfication.BookServiceTest.testSaveBookWithBookRequestWithGreaterPrice"></a>testSaveBookWithBookRequestWithGreaterPrice</td>
<td>0.001 s</td></tr>
<tr class="b">
<td align="left"><img src="images/icon_success_sml.gif" alt="" /></td>
<td><a id="TC_com.hubberspot.mockito.behavior.verfication.BookServiceTest.testSaveBookWithBookRequestWithGreaterPrice1"></a>testSaveBookWithBookRequestWithGreaterPrice1</td>
<td>0.001 s</td></tr>
<tr class="a">
<td align="left"><img src="images/icon_success_sml.gif" alt="" /></td>
<td><a id="TC_com.hubberspot.mockito.behavior.verfication.BookServiceTest.testSaveBookWithBookRequestWithGreaterPrice2"></a>testSaveBookWithBookRequestWithGreaterPrice2</td>
<td>0.002 s</td></tr>
<tr class="b">
<td align="left"><img src="images/icon_success_sml.gif" alt="" /></td>
<td><a id="TC_com.hubberspot.mockito.behavior.verfication.BookServiceTest.testSaveBookWithBookRequestWithGreaterPrice3"></a>testSaveBookWithBookRequestWithGreaterPrice3</td>
<td>0.003 s</td></tr>
<tr class="a">
<td align="left"><img src="images/icon_success_sml.gif" alt="" /></td>
<td><a id="TC_com.hubberspot.mockito.behavior.verfication.BookServiceTest.testUpdatePrice2"></a>testUpdatePrice2</td>
<td>0.007 s</td></tr>
<tr class="b">
<td align="left"><img src="images/icon_success_sml.gif" alt="" /></td>
<td><a id="TC_com.hubberspot.mockito.behavior.verfication.BookServiceTest.testUpdatePrice3"></a>testUpdatePrice3</td>
<td>0.004 s</td></tr></table></section><section><a id="com.hubberspot.mockito.annotations.support.BookServiceGetNewBooksWithAppliedDiscountTest"></a>
<h3><a name="BookServiceGetNewBooksWithAppliedDiscountTest"></a>BookServiceGetNewBooksWithAppliedDiscountTest</h3>
<table border="0" class="bodyTable">
<tr class="a">
<td align="left"><img src="images/icon_success_sml.gif" alt="" /></td>
<td><a id="TC_com.hubberspot.mockito.annotations.support.BookServiceGetNewBooksWithAppliedDiscountTest.testZeroDiscountRate"></a>testZeroDiscountRate</td>
<td>0.012 s</td></tr>
<tr class="b">
<td align="left"><img src="images/icon_success_sml.gif" alt="" /></td>
<td><a id="TC_com.hubberspot.mockito.annotations.support.BookServiceGetNewBooksWithAppliedDiscountTest.testNoNewBooksInGivenDays"></a>testNoNewBooksInGivenDays</td>
<td>0.001 s</td></tr>
<tr class="a">
<td align="left"><img src="images/icon_success_sml.gif" alt="" /></td>
<td><a id="TC_com.hubberspot.mockito.annotations.support.BookServiceGetNewBooksWithAppliedDiscountTest.testNegativeDays"></a>testNegativeDays</td>
<td>0.001 s</td></tr>
<tr class="b">
<td align="left"><a href="#com.hubberspot.mockito.annotations.support.BookServiceGetNewBooksWithAppliedDiscountTest.testNegativeDiscountRate"><img src="images/icon_error_sml.gif" alt="" /></a></td>
<td><a id="TC_com.hubberspot.mockito.annotations.support.BookServiceGetNewBooksWithAppliedDiscountTest.testNegativeDiscountRate"></a><a href="#com.hubberspot.mockito.annotations.support.BookServiceGetNewBooksWithAppliedDiscountTest.testNegativeDiscountRate">testNegativeDiscountRate</a>
<div class="detailToggle" style="display:inline"><a href="javascript:toggleDisplay('com.hubberspot.mockito.annotations.support.BookServiceGetNewBooksWithAppliedDiscountTest.testNegativeDiscountRate');"><span style="display:inline;" id="com.hubberspot.mockito.annotations.support.BookServiceGetNewBooksWithAppliedDiscountTest.testNegativeDiscountRate-off"> + </span><span style="display:none;" id="com.hubberspot.mockito.annotations.support.BookServiceGetNewBooksWithAppliedDiscountTest.testNegativeDiscountRate-on"> - </span>[ Detail ]</a></div></td>
<td>0.002 s</td></tr>
<tr class="a">
<td align="left">-</td>
<td>expected: &lt;200&gt; but was: &lt;220&gt;</td>
<td>-</td></tr>
<tr class="b" id="com.hubberspot.mockito.annotations.support.BookServiceGetNewBooksWithAppliedDiscountTest.testNegativeDiscountRate-failure" style="display:none;">
<td align="left">-</td>
<td>
<div class="source">
<pre>org.opentest4j.AssertionFailedError: expected: &lt;200&gt; but was: &lt;220&gt;
	at org.junit.jupiter.api.AssertionUtils.fail(AssertionUtils.java:55)
	at org.junit.jupiter.api.AssertionUtils.failNotEqual(AssertionUtils.java:62)
	at org.junit.jupiter.api.AssertEquals.assertEquals(AssertEquals.java:150)
	at org.junit.jupiter.api.AssertEquals.assertEquals(AssertEquals.java:145)
	at org.junit.jupiter.api.Assertions.assertEquals(Assertions.java:510)
	at com.hubberspot.mockito.annotations.support.BookServiceGetNewBooksWithAppliedDiscountTest.testNegativeDiscountRate(BookServiceGetNewBooksWithAppliedDiscountTest.java:133)
	at java.base/jdk.internal.reflect.DirectMethodHandleAccessor.invoke(DirectMethodHandleAccessor.java:103)
	at java.base/java.lang.reflect.Method.invoke(Method.java:580)
	at org.junit.platform.commons.util.ReflectionUtils.invokeMethod(ReflectionUtils.java:675)
	at org.junit.jupiter.engine.execution.MethodInvocation.proceed(MethodInvocation.java:60)
	at org.junit.jupiter.engine.execution.InvocationInterceptorChain$ValidatingInvocation.proceed(InvocationInterceptorChain.java:125)
	at org.junit.jupiter.engine.extension.TimeoutExtension.intercept(TimeoutExtension.java:132)
	at org.junit.jupiter.engine.extension.TimeoutExtension.interceptTestableMethod(TimeoutExtension.java:124)
	at org.junit.jupiter.engine.extension.TimeoutExtension.interceptTestMethod(TimeoutExtension.java:74)
	at org.junit.jupiter.engine.execution.ExecutableInvoker$ReflectiveInterceptorCall.lambda$ofVoidMethod$0(ExecutableInvoker.java:115)
	at org.junit.jupiter.engine.execution.ExecutableInvoker.lambda$invoke$0(ExecutableInvoker.java:105)
	at org.junit.jupiter.engine.execution.InvocationInterceptorChain$InterceptedInvocation.proceed(InvocationInterceptorChain.java:104)
	at org.junit.jupiter.engine.execution.InvocationInterceptorChain.proceed(InvocationInterceptorChain.java:62)
	at org.junit.jupiter.engine.execution.InvocationInterceptorChain.chainAndInvoke(InvocationInterceptorChain.java:43)
	at org.junit.jupiter.engine.execution.InvocationInterceptorChain.invoke(InvocationInterceptorChain.java:35)
	at org.junit.jupiter.engine.execution.ExecutableInvoker.invoke(ExecutableInvoker.java:104)
	at org.junit.jupiter.engine.execution.ExecutableInvoker.invoke(ExecutableInvoker.java:98)
	at org.junit.jupiter.engine.descriptor.TestMethodTestDescriptor.lambda$invokeTestMethod$6(TestMethodTestDescriptor.java:202)
	at org.junit.platform.engine.support.hierarchical.ThrowableCollector.execute(ThrowableCollector.java:73)
	at org.junit.jupiter.engine.descriptor.TestMethodTestDescriptor.invokeTestMethod(TestMethodTestDescriptor.java:198)
	at org.junit.jupiter.engine.descriptor.TestMethodTestDescriptor.execute(TestMethodTestDescriptor.java:135)
	at org.junit.jupiter.engine.descriptor.TestMethodTestDescriptor.execute(TestMethodTestDescriptor.java:69)
	at org.junit.platform.engine.support.hierarchical.NodeTestTask.lambda$executeRecursively$5(NodeTestTask.java:135)
	at org.junit.platform.engine.support.hierarchical.ThrowableCollector.execute(ThrowableCollector.java:73)
	at org.junit.platform.engine.support.hierarchical.NodeTestTask.lambda$executeRecursively$7(NodeTestTask.java:125)
	at org.junit.platform.engine.support.hierarchical.Node.around(Node.java:135)
	at org.junit.platform.engine.support.hierarchical.NodeTestTask.lambda$executeRecursively$8(NodeTestTask.java:123)
	at org.junit.platform.engine.support.hierarchical.ThrowableCollector.execute(ThrowableCollector.java:73)
	at org.junit.platform.engine.support.hierarchical.NodeTestTask.executeRecursively(NodeTestTask.java:122)
	at org.junit.platform.engine.support.hierarchical.NodeTestTask.execute(NodeTestTask.java:80)
	at java.base/java.util.ArrayList.forEach(ArrayList.java:1596)
	at org.junit.platform.engine.support.hierarchical.SameThreadHierarchicalTestExecutorService.invokeAll(SameThreadHierarchicalTestExecutorService.java:38)
	at org.junit.platform.engine.support.hierarchical.NodeTestTask.lambda$executeRecursively$5(NodeTestTask.java:139)
	at org.junit.platform.engine.support.hierarchical.ThrowableCollector.execute(ThrowableCollector.java:73)
	at org.junit.platform.engine.support.hierarchical.NodeTestTask.lambda$executeRecursively$7(NodeTestTask.java:125)
	at org.junit.platform.engine.support.hierarchical.Node.around(Node.java:135)
	at org.junit.platform.engine.support.hierarchical.NodeTestTask.lambda$executeRecursively$8(NodeTestTask.java:123)
	at org.junit.platform.engine.support.hierarchical.ThrowableCollector.execute(ThrowableCollector.java:73)
	at org.junit.platform.engine.support.hierarchical.NodeTestTask.executeRecursively(NodeTestTask.java:122)
	at org.junit.platform.engine.support.hierarchical.NodeTestTask.execute(NodeTestTask.java:80)
	at java.base/java.util.ArrayList.forEach(ArrayList.java:1596)
	at org.junit.platform.engine.support.hierarchical.SameThreadHierarchicalTestExecutorService.invokeAll(SameThreadHierarchicalTestExecutorService.java:38)
	at org.junit.platform.engine.support.hierarchical.NodeTestTask.lambda$executeRecursively$5(NodeTestTask.java:139)
	at org.junit.platform.engine.support.hierarchical.ThrowableCollector.execute(ThrowableCollector.java:73)
	at org.junit.platform.engine.support.hierarchical.NodeTestTask.lambda$executeRecursively$7(NodeTestTask.java:125)
	at org.junit.platform.engine.support.hierarchical.Node.around(Node.java:135)
	at org.junit.platform.engine.support.hierarchical.NodeTestTask.lambda$executeRecursively$8(NodeTestTask.java:123)
	at org.junit.platform.engine.support.hierarchical.ThrowableCollector.execute(ThrowableCollector.java:73)
	at org.junit.platform.engine.support.hierarchical.NodeTestTask.executeRecursively(NodeTestTask.java:122)
	at org.junit.platform.engine.support.hierarchical.NodeTestTask.execute(NodeTestTask.java:80)
	at org.junit.platform.engine.support.hierarchical.SameThreadHierarchicalTestExecutorService.submit(SameThreadHierarchicalTestExecutorService.java:32)
	at org.junit.platform.engine.support.hierarchical.HierarchicalTestExecutor.execute(HierarchicalTestExecutor.java:57)
	at org.junit.platform.engine.support.hierarchical.HierarchicalTestEngine.execute(HierarchicalTestEngine.java:51)
	at org.junit.platform.launcher.core.DefaultLauncher.execute(DefaultLauncher.java:229)
	at org.junit.platform.launcher.core.DefaultLauncher.lambda$execute$6(DefaultLauncher.java:197)
	at org.junit.platform.launcher.core.DefaultLauncher.withInterceptedStreams(DefaultLauncher.java:211)
	at org.junit.platform.launcher.core.DefaultLauncher.execute(DefaultLauncher.java:191)
	at org.junit.platform.launcher.core.DefaultLauncher.execute(DefaultLauncher.java:128)
	at org.apache.maven.surefire.junitplatform.LazyLauncher.execute(LazyLauncher.java:56)
	at org.apache.maven.surefire.junitplatform.JUnitPlatformProvider.execute(JUnitPlatformProvider.java:184)
	at org.apache.maven.surefire.junitplatform.JUnitPlatformProvider.invokeAllTests(JUnitPlatformProvider.java:148)
	at org.apache.maven.surefire.junitplatform.JUnitPlatformProvider.invoke(JUnitPlatformProvider.java:122)
	at org.apache.maven.surefire.booter.ForkedBooter.runSuitesInProcess(ForkedBooter.java:385)
	at org.apache.maven.surefire.booter.ForkedBooter.execute(ForkedBooter.java:162)
	at org.apache.maven.surefire.booter.ForkedBooter.run(ForkedBooter.java:507)
	at org.apache.maven.surefire.booter.ForkedBooter.main(ForkedBooter.java:495)
</pre></div></td>
<td>-</td></tr>
<tr class="a">
<td align="left"><img src="images/icon_success_sml.gif" alt="" /></td>
<td><a id="TC_com.hubberspot.mockito.annotations.support.BookServiceGetNewBooksWithAppliedDiscountTest.testValidDiscountAndDaysWithBooks"></a>testValidDiscountAndDaysWithBooks</td>
<td>0.001 s</td></tr></table></section><section><a id="com.hubberspot.mockito.bdd.behavior_verification.BookServiceTest"></a>
<h3><a name="BookServiceTest"></a>BookServiceTest</h3>
<table border="0" class="bodyTable">
<tr class="a">
<td align="left"><img src="images/icon_success_sml.gif" alt="" /></td>
<td><a id="TC_com.hubberspot.mockito.bdd.behavior_verification.BookServiceTest.test_Given_ABook_When_UpdatePriceIsCalledWithNewPrice_Then_BookPriceIsUpdated"></a>test_Given_ABook_When_UpdatePriceIsCalledWithNewPrice_Then_BookPriceIsUpdated</td>
<td>0.014 s</td></tr>
<tr class="b">
<td align="left"><img src="images/icon_success_sml.gif" alt="" /></td>
<td><a id="TC_com.hubberspot.mockito.bdd.behavior_verification.BookServiceTest.testUpdatePrice2"></a>testUpdatePrice2</td>
<td>0.001 s</td></tr></table></section><section><a id="com.hubberspot.mockito.stubbing.BookServiceTest"></a>
<h3><a name="BookServiceTest"></a>BookServiceTest</h3>
<table border="0" class="bodyTable">
<tr class="a">
<td align="left"><img src="images/icon_success_sml.gif" alt="" /></td>
<td><a id="TC_com.hubberspot.mockito.stubbing.BookServiceTest.testCalculateTotalCostOfBooks"></a>testCalculateTotalCostOfBooks</td>
<td>0.014 s</td></tr>
<tr class="b">
<td align="left"><img src="images/icon_success_sml.gif" alt="" /></td>
<td><a id="TC_com.hubberspot.mockito.stubbing.BookServiceTest.testSaveBook"></a>testSaveBook</td>
<td>0.001 s</td></tr>
<tr class="a">
<td align="left"><img src="images/icon_success_sml.gif" alt="" /></td>
<td><a id="TC_com.hubberspot.mockito.stubbing.BookServiceTest.testSaveBookWithBookRequestWithGreaterPrice"></a>testSaveBookWithBookRequestWithGreaterPrice</td>
<td>0.001 s</td></tr>
<tr class="b">
<td align="left"><img src="images/icon_success_sml.gif" alt="" /></td>
<td><a id="TC_com.hubberspot.mockito.stubbing.BookServiceTest.testSaveBookWithBookRequest"></a>testSaveBookWithBookRequest</td>
<td>0.001 s</td></tr></table></section><section><a id="com.hubberspot.mockito.test_doubles.dummy.DummyTest"></a>
<h3><a name="DummyTest"></a>DummyTest</h3>
<table border="0" class="bodyTable">
<tr class="a">
<td align="left"><img src="images/icon_success_sml.gif" alt="" /></td>
<td><a id="TC_com.hubberspot.mockito.test_doubles.dummy.DummyTest.demoDummy"></a>demoDummy</td>
<td>0.002 s</td></tr>
<tr class="b">
<td align="left"><img src="images/icon_success_sml.gif" alt="" /></td>
<td><a id="TC_com.hubberspot.mockito.test_doubles.dummy.DummyTest.demoDummyWithMockito"></a>demoDummyWithMockito</td>
<td>0.035 s</td></tr></table></section><section><a id="com.hubberspot.mockito.spies.BookManagerTest"></a>
<h3><a name="BookManagerTest"></a>BookManagerTest</h3>
<table border="0" class="bodyTable">
<tr class="a">
<td align="left"><img src="images/icon_success_sml.gif" alt="" /></td>
<td><a id="TC_com.hubberspot.mockito.spies.BookManagerTest.testMockitoSpy"></a>testMockitoSpy</td>
<td>0.023 s</td></tr></table></section><section><a id="com.hubberspot.mockito.annotations.support.AnnotationsTest"></a>
<h3><a name="AnnotationsTest"></a>AnnotationsTest</h3>
<table border="0" class="bodyTable">
<tr class="a">
<td align="left"><img src="images/icon_success_sml.gif" alt="" /></td>
<td><a id="TC_com.hubberspot.mockito.annotations.support.AnnotationsTest.demoCreateMocksUsingAnnotations"></a>demoCreateMocksUsingAnnotations</td>
<td>0.002 s</td></tr></table></section><section><a id="com.hubberspot.mockito.test_doubles.mock.MockTest"></a>
<h3><a name="MockTest"></a>MockTest</h3>
<table border="0" class="bodyTable">
<tr class="a">
<td align="left"><img src="images/icon_success_sml.gif" alt="" /></td>
<td><a id="TC_com.hubberspot.mockito.test_doubles.mock.MockTest.demoMock"></a>demoMock</td>
<td>0.003 s</td></tr>
<tr class="b">
<td align="left"><img src="images/icon_success_sml.gif" alt="" /></td>
<td><a id="TC_com.hubberspot.mockito.test_doubles.mock.MockTest.demoMockWithMockito"></a>demoMockWithMockito</td>
<td>0.014 s</td></tr></table></section><section><a id="com.hubberspot.mockito.annotations.support.BookSetTitleTest"></a>
<h3><a name="BookSetTitleTest"></a>BookSetTitleTest</h3>
<table border="0" class="bodyTable">
<tr class="a">
<td align="left"><img src="images/icon_success_sml.gif" alt="" /></td>
<td><a id="TC_com.hubberspot.mockito.annotations.support.BookSetTitleTest.setTitleWithEmptyString"></a>setTitleWithEmptyString</td>
<td>0.001 s</td></tr>
<tr class="b">
<td align="left"><img src="images/icon_success_sml.gif" alt="" /></td>
<td><a id="TC_com.hubberspot.mockito.annotations.support.BookSetTitleTest.setTitleRegular"></a>setTitleRegular</td>
<td>0 s</td></tr>
<tr class="a">
<td align="left"><img src="images/icon_success_sml.gif" alt="" /></td>
<td><a id="TC_com.hubberspot.mockito.annotations.support.BookSetTitleTest.setTitleWithNull"></a>setTitleWithNull</td>
<td>0 s</td></tr></table></section><br /></section><section><a id="Failure_Details"></a>
<h2><a name="Failure_Details"></a>Failure Details</h2>
<p>[<a href="#Summary">Summary</a>] [<a href="#Package_List">Package List</a>] [<a href="#Test_Cases">Test Cases</a>]</p><br />
<table border="0" class="bodyTable">
<tr class="a">
<td align="left"><img src="images/icon_error_sml.gif" alt="" /></td>
<td><a id="com.hubberspot.mockito.annotations.support.BookSetPriceTest.testSetNegativePrice"></a>testSetNegativePrice</td></tr>
<tr class="b">
<td align="left">-</td>
<td>org.opentest4j.AssertionFailedError: Expected java.lang.IllegalArgumentException to be thrown, but nothing was thrown.</td></tr>
<tr class="a">
<td align="left">-</td>
<td>
<div id="testSetNegativePrice-failure">com.hubberspot.mockito.annotations.support.BookSetPriceTest:102</div></td></tr>
<tr class="b">
<td align="left"><img src="images/icon_error_sml.gif" alt="" /></td>
<td><a id="com.hubberspot.mockito.annotations.support.BookGetPublishedDateTest.testPublishedDateIsImmutable"></a>testPublishedDateIsImmutable</td></tr>
<tr class="a">
<td align="left">-</td>
<td>org.opentest4j.AssertionFailedError: Expected java.lang.UnsupportedOperationException to be thrown, but nothing was thrown.</td></tr>
<tr class="b">
<td align="left">-</td>
<td>
<div id="testPublishedDateIsImmutable-failure">com.hubberspot.mockito.annotations.support.BookGetPublishedDateTest:86</div></td></tr>
<tr class="a">
<td align="left"><img src="images/icon_error_sml.gif" alt="" /></td>
<td><a id="com.hubberspot.mockito.argument_matchers.BookServiceTest.testInvalidUseOfArgumentMatchers"></a>testInvalidUseOfArgumentMatchers</td></tr>
<tr class="b">
<td align="left">-</td>
<td>org.mockito.exceptions.misusing.PotentialStubbingProblem: 
Strict stubbing argument mismatch. Please check:
 - this invocation of 'findBookByTitleAndPublishedDate' method:
    bookRepository.findBookByTitleAndPublishedDate(
    null,
    null
);
    -&gt; at com.hubberspot.mockito.argument_matchers.BookService.getBookByTitleAndPublishedDate(BookService.java:39)
 - has following stubbing(s) with different arguments:
    1. bookRepository.findBookByTitleAndPublishedDate(
    null,
    null
);
      -&gt; at com.hubberspot.mockito.argument_matchers.BookServiceTest.testInvalidUseOfArgumentMatchers(BookServiceTest.java:38)
Typically, stubbing argument mismatch indicates user mistake when writing tests.
Mockito fails early so that you can debug potential problem easily.
However, there are legit scenarios when this exception generates false negative signal:
  - stubbing the same method multiple times using 'given().will()' or 'when().then()' API
    Please use 'will().given()' or 'doReturn().when()' API for stubbing.
  - stubbed method is intentionally invoked with different arguments by code under test
    Please use default or 'silent' JUnit Rule (equivalent of Strictness.LENIENT).
For more information see javadoc for PotentialStubbingProblem class.</td></tr>
<tr class="a">
<td align="left">-</td>
<td>
<div id="testInvalidUseOfArgumentMatchers-error">com.hubberspot.mockito.argument_matchers.BookServiceTest:39</div></td></tr>
<tr class="b">
<td align="left"><img src="images/icon_error_sml.gif" alt="" /></td>
<td><a id="com.hubberspot.mockito.behavior.verfication.BookServiceTest.testUpdatePrice"></a>testUpdatePrice</td></tr>
<tr class="a">
<td align="left">-</td>
<td>java.lang.NullPointerException: Cannot invoke &quot;com.hubberspot.mockito.behavior.verification.Book.setPrice(int)&quot; because &quot;book&quot; is null</td></tr>
<tr class="b">
<td align="left">-</td>
<td>
<div id="testUpdatePrice-error">com.hubberspot.mockito.behavior.verfication.BookServiceTest:62</div></td></tr>
<tr class="a">
<td align="left"><img src="images/icon_error_sml.gif" alt="" /></td>
<td><a id="com.hubberspot.mockito.annotations.support.BookServiceGetNewBooksWithAppliedDiscountTest.testNegativeDiscountRate"></a>testNegativeDiscountRate</td></tr>
<tr class="b">
<td align="left">-</td>
<td>org.opentest4j.AssertionFailedError: expected: &lt;200&gt; but was: &lt;220&gt;</td></tr>
<tr class="a">
<td align="left">-</td>
<td>
<div id="testNegativeDiscountRate-failure">com.hubberspot.mockito.annotations.support.BookServiceGetNewBooksWithAppliedDiscountTest:133</div></td></tr></table><br /></section>
      </div>
    </div>
    <div class="clear">
      <hr/>
    </div>
    <div id="footer">
      <div class="xright">
        Copyright &#169;      2024..      </div>
      <div class="clear">
        <hr/>
      </div>
    </div>
  </body>
</html>
